{"F:\\Husk_Store\\Custom_Ecommerce\\server\\controllers\\addressController.js": {"path":"F:\\Husk_Store\\Custom_Ecommerce\\server\\controllers\\addressController.js","statementMap":{"0":{"start":{"line":5,"column":26},"end":{"line":52,"column":1}},"1":{"start":{"line":6,"column":2},"end":{"line":51,"column":3}},"2":{"start":{"line":7,"column":19},"end":{"line":7,"column":29}},"3":{"start":{"line":8,"column":24},"end":{"line":8,"column":38}},"4":{"start":{"line":10,"column":4},"end":{"line":12,"column":5}},"5":{"start":{"line":11,"column":6},"end":{"line":11,"column":73}},"6":{"start":{"line":14,"column":4},"end":{"line":16,"column":5}},"7":{"start":{"line":15,"column":6},"end":{"line":15,"column":69}},"8":{"start":{"line":19,"column":27},"end":{"line":29,"column":5}},"9":{"start":{"line":30,"column":26},"end":{"line":30,"column":75}},"10":{"start":{"line":30,"column":59},"end":{"line":30,"column":74}},"11":{"start":{"line":32,"column":4},"end":{"line":34,"column":5}},"12":{"start":{"line":33,"column":6},"end":{"line":33,"column":97}},"13":{"start":{"line":36,"column":23},"end":{"line":36,"column":67}},"14":{"start":{"line":38,"column":4},"end":{"line":40,"column":37}},"15":{"start":{"line":43,"column":4},"end":{"line":48,"column":5}},"16":{"start":{"line":44,"column":31},"end":{"line":46,"column":7}},"17":{"start":{"line":45,"column":17},"end":{"line":45,"column":28}},"18":{"start":{"line":47,"column":6},"end":{"line":47,"column":94}},"19":{"start":{"line":50,"column":4},"end":{"line":50,"column":81}},"20":{"start":{"line":55,"column":26},"end":{"line":69,"column":1}},"21":{"start":{"line":56,"column":2},"end":{"line":68,"column":3}},"22":{"start":{"line":57,"column":19},"end":{"line":57,"column":29}},"23":{"start":{"line":59,"column":4},"end":{"line":61,"column":5}},"24":{"start":{"line":60,"column":6},"end":{"line":60,"column":73}},"25":{"start":{"line":63,"column":20},"end":{"line":63,"column":50}},"26":{"start":{"line":65,"column":4},"end":{"line":65,"column":85}},"27":{"start":{"line":67,"column":4},"end":{"line":67,"column":88}}},"fnMap":{"0":{"name":"(anonymous_0)","decl":{"start":{"line":5,"column":26},"end":{"line":5,"column":27}},"loc":{"start":{"line":5,"column":46},"end":{"line":52,"column":1}},"line":5},"1":{"name":"(anonymous_1)","decl":{"start":{"line":30,"column":48},"end":{"line":30,"column":49}},"loc":{"start":{"line":30,"column":59},"end":{"line":30,"column":74}},"line":30},"2":{"name":"(anonymous_2)","decl":{"start":{"line":45,"column":8},"end":{"line":45,"column":9}},"loc":{"start":{"line":45,"column":17},"end":{"line":45,"column":28}},"line":45},"3":{"name":"(anonymous_3)","decl":{"start":{"line":55,"column":26},"end":{"line":55,"column":27}},"loc":{"start":{"line":55,"column":46},"end":{"line":69,"column":1}},"line":55}},"branchMap":{"0":{"loc":{"start":{"line":8,"column":24},"end":{"line":8,"column":38}},"type":"binary-expr","locations":[{"start":{"line":8,"column":24},"end":{"line":8,"column":32}},{"start":{"line":8,"column":36},"end":{"line":8,"column":38}}],"line":8},"1":{"loc":{"start":{"line":10,"column":4},"end":{"line":12,"column":5}},"type":"if","locations":[{"start":{"line":10,"column":4},"end":{"line":12,"column":5}},{"start":{},"end":{}}],"line":10},"2":{"loc":{"start":{"line":14,"column":4},"end":{"line":16,"column":5}},"type":"if","locations":[{"start":{"line":14,"column":4},"end":{"line":16,"column":5}},{"start":{},"end":{}}],"line":14},"3":{"loc":{"start":{"line":32,"column":4},"end":{"line":34,"column":5}},"type":"if","locations":[{"start":{"line":32,"column":4},"end":{"line":34,"column":5}},{"start":{},"end":{}}],"line":32},"4":{"loc":{"start":{"line":43,"column":4},"end":{"line":48,"column":5}},"type":"if","locations":[{"start":{"line":43,"column":4},"end":{"line":48,"column":5}},{"start":{},"end":{}}],"line":43},"5":{"loc":{"start":{"line":50,"column":34},"end":{"line":50,"column":74}},"type":"binary-expr","locations":[{"start":{"line":50,"column":34},"end":{"line":50,"column":47}},{"start":{"line":50,"column":51},"end":{"line":50,"column":74}}],"line":50},"6":{"loc":{"start":{"line":59,"column":4},"end":{"line":61,"column":5}},"type":"if","locations":[{"start":{"line":59,"column":4},"end":{"line":61,"column":5}},{"start":{},"end":{}}],"line":59},"7":{"loc":{"start":{"line":67,"column":34},"end":{"line":67,"column":81}},"type":"binary-expr","locations":[{"start":{"line":67,"column":34},"end":{"line":67,"column":47}},{"start":{"line":67,"column":51},"end":{"line":67,"column":81}}],"line":67}},"s":{"0":0,"1":0,"2":0,"3":0,"4":0,"5":0,"6":0,"7":0,"8":0,"9":0,"10":0,"11":0,"12":0,"13":0,"14":0,"15":0,"16":0,"17":0,"18":0,"19":0,"20":0,"21":0,"22":0,"23":0,"24":0,"25":0,"26":0,"27":0},"f":{"0":0,"1":0,"2":0,"3":0},"b":{"0":[0,0],"1":[0,0],"2":[0,0],"3":[0,0],"4":[0,0],"5":[0,0],"6":[0,0],"7":[0,0]}}
,"F:\\Husk_Store\\Custom_Ecommerce\\server\\controllers\\cartController.js": {"path":"F:\\Husk_Store\\Custom_Ecommerce\\server\\controllers\\cartController.js","statementMap":{"0":{"start":{"line":5,"column":26},"end":{"line":24,"column":1}},"1":{"start":{"line":6,"column":2},"end":{"line":23,"column":3}},"2":{"start":{"line":7,"column":19},"end":{"line":7,"column":29}},"3":{"start":{"line":8,"column":26},"end":{"line":8,"column":40}},"4":{"start":{"line":10,"column":4},"end":{"line":12,"column":5}},"5":{"start":{"line":11,"column":6},"end":{"line":11,"column":64}},"6":{"start":{"line":14,"column":17},"end":{"line":14,"column":83}},"7":{"start":{"line":16,"column":4},"end":{"line":18,"column":5}},"8":{"start":{"line":17,"column":6},"end":{"line":17,"column":59}},"9":{"start":{"line":20,"column":4},"end":{"line":20,"column":69}},"10":{"start":{"line":22,"column":4},"end":{"line":22,"column":54}},"11":{"start":{"line":26,"column":23},"end":{"line":46,"column":1}},"12":{"start":{"line":27,"column":2},"end":{"line":45,"column":3}},"13":{"start":{"line":28,"column":19},"end":{"line":28,"column":29}},"14":{"start":{"line":30,"column":4},"end":{"line":32,"column":5}},"15":{"start":{"line":31,"column":6},"end":{"line":31,"column":64}},"16":{"start":{"line":34,"column":17},"end":{"line":34,"column":44}},"17":{"start":{"line":36,"column":4},"end":{"line":38,"column":5}},"18":{"start":{"line":37,"column":6},"end":{"line":37,"column":59}},"19":{"start":{"line":40,"column":4},"end":{"line":42,"column":36}},"20":{"start":{"line":44,"column":4},"end":{"line":44,"column":54}}},"fnMap":{"0":{"name":"(anonymous_0)","decl":{"start":{"line":5,"column":26},"end":{"line":5,"column":27}},"loc":{"start":{"line":5,"column":46},"end":{"line":24,"column":1}},"line":5},"1":{"name":"(anonymous_1)","decl":{"start":{"line":26,"column":23},"end":{"line":26,"column":24}},"loc":{"start":{"line":26,"column":43},"end":{"line":46,"column":1}},"line":26}},"branchMap":{"0":{"loc":{"start":{"line":8,"column":26},"end":{"line":8,"column":40}},"type":"binary-expr","locations":[{"start":{"line":8,"column":26},"end":{"line":8,"column":34}},{"start":{"line":8,"column":38},"end":{"line":8,"column":40}}],"line":8},"1":{"loc":{"start":{"line":10,"column":4},"end":{"line":12,"column":5}},"type":"if","locations":[{"start":{"line":10,"column":4},"end":{"line":12,"column":5}},{"start":{},"end":{}}],"line":10},"2":{"loc":{"start":{"line":16,"column":4},"end":{"line":18,"column":5}},"type":"if","locations":[{"start":{"line":16,"column":4},"end":{"line":18,"column":5}},{"start":{},"end":{}}],"line":16},"3":{"loc":{"start":{"line":30,"column":4},"end":{"line":32,"column":5}},"type":"if","locations":[{"start":{"line":30,"column":4},"end":{"line":32,"column":5}},{"start":{},"end":{}}],"line":30},"4":{"loc":{"start":{"line":36,"column":4},"end":{"line":38,"column":5}},"type":"if","locations":[{"start":{"line":36,"column":4},"end":{"line":38,"column":5}},{"start":{},"end":{}}],"line":36},"5":{"loc":{"start":{"line":41,"column":17},"end":{"line":41,"column":37}},"type":"binary-expr","locations":[{"start":{"line":41,"column":17},"end":{"line":41,"column":31}},{"start":{"line":41,"column":35},"end":{"line":41,"column":37}}],"line":41}},"s":{"0":0,"1":0,"2":0,"3":0,"4":0,"5":0,"6":0,"7":0,"8":0,"9":0,"10":0,"11":0,"12":0,"13":0,"14":0,"15":0,"16":0,"17":0,"18":0,"19":0,"20":0},"f":{"0":0,"1":0},"b":{"0":[0,0],"1":[0,0],"2":[0,0],"3":[0,0],"4":[0,0],"5":[0,0]}}
,"F:\\Husk_Store\\Custom_Ecommerce\\server\\controllers\\contactController.js": {"path":"F:\\Husk_Store\\Custom_Ecommerce\\server\\controllers\\contactController.js","statementMap":{"0":{"start":{"line":4,"column":0},"end":{"line":4,"column":16}},"1":{"start":{"line":7,"column":26},"end":{"line":15,"column":1}},"2":{"start":{"line":8,"column":2},"end":{"line":14,"column":5}},"3":{"start":{"line":18,"column":33},"end":{"line":170,"column":1}},"4":{"start":{"line":19,"column":2},"end":{"line":169,"column":3}},"5":{"start":{"line":20,"column":44},"end":{"line":20,"column":52}},"6":{"start":{"line":23,"column":4},"end":{"line":28,"column":5}},"7":{"start":{"line":24,"column":6},"end":{"line":27,"column":9}},"8":{"start":{"line":31,"column":23},"end":{"line":31,"column":51}},"9":{"start":{"line":32,"column":4},"end":{"line":37,"column":5}},"10":{"start":{"line":33,"column":6},"end":{"line":36,"column":9}},"11":{"start":{"line":40,"column":4},"end":{"line":47,"column":5}},"12":{"start":{"line":41,"column":6},"end":{"line":41,"column":85}},"13":{"start":{"line":42,"column":6},"end":{"line":46,"column":9}},"14":{"start":{"line":49,"column":4},"end":{"line":56,"column":5}},"15":{"start":{"line":50,"column":6},"end":{"line":50,"column":87}},"16":{"start":{"line":51,"column":6},"end":{"line":55,"column":9}},"17":{"start":{"line":58,"column":24},"end":{"line":58,"column":43}},"18":{"start":{"line":61,"column":29},"end":{"line":92,"column":5}},"19":{"start":{"line":95,"column":28},"end":{"line":133,"column":5}},"20":{"start":{"line":136,"column":4},"end":{"line":136,"column":49}},"21":{"start":{"line":137,"column":4},"end":{"line":137,"column":48}},"22":{"start":{"line":139,"column":4},"end":{"line":142,"column":7}},"23":{"start":{"line":145,"column":4},"end":{"line":145,"column":62}},"24":{"start":{"line":148,"column":4},"end":{"line":154,"column":5}},"25":{"start":{"line":149,"column":6},"end":{"line":153,"column":9}},"26":{"start":{"line":156,"column":4},"end":{"line":162,"column":5}},"27":{"start":{"line":157,"column":6},"end":{"line":161,"column":9}},"28":{"start":{"line":164,"column":4},"end":{"line":168,"column":7}},"29":{"start":{"line":173,"column":35},"end":{"line":323,"column":1}},"30":{"start":{"line":174,"column":2},"end":{"line":322,"column":3}},"31":{"start":{"line":175,"column":22},"end":{"line":175,"column":30}},"32":{"start":{"line":178,"column":4},"end":{"line":183,"column":5}},"33":{"start":{"line":179,"column":6},"end":{"line":182,"column":9}},"34":{"start":{"line":186,"column":23},"end":{"line":186,"column":51}},"35":{"start":{"line":187,"column":4},"end":{"line":192,"column":5}},"36":{"start":{"line":188,"column":6},"end":{"line":191,"column":9}},"37":{"start":{"line":195,"column":4},"end":{"line":202,"column":5}},"38":{"start":{"line":196,"column":6},"end":{"line":196,"column":85}},"39":{"start":{"line":197,"column":6},"end":{"line":201,"column":9}},"40":{"start":{"line":204,"column":4},"end":{"line":211,"column":5}},"41":{"start":{"line":205,"column":6},"end":{"line":205,"column":87}},"42":{"start":{"line":206,"column":6},"end":{"line":210,"column":9}},"43":{"start":{"line":213,"column":24},"end":{"line":213,"column":43}},"44":{"start":{"line":216,"column":29},"end":{"line":245,"column":5}},"45":{"start":{"line":248,"column":31},"end":{"line":286,"column":5}},"46":{"start":{"line":289,"column":4},"end":{"line":289,"column":49}},"47":{"start":{"line":290,"column":4},"end":{"line":290,"column":51}},"48":{"start":{"line":292,"column":4},"end":{"line":295,"column":7}},"49":{"start":{"line":298,"column":4},"end":{"line":298,"column":70}},"50":{"start":{"line":301,"column":4},"end":{"line":307,"column":5}},"51":{"start":{"line":302,"column":6},"end":{"line":306,"column":9}},"52":{"start":{"line":309,"column":4},"end":{"line":315,"column":5}},"53":{"start":{"line":310,"column":6},"end":{"line":314,"column":9}},"54":{"start":{"line":317,"column":4},"end":{"line":321,"column":7}}},"fnMap":{"0":{"name":"(anonymous_0)","decl":{"start":{"line":7,"column":26},"end":{"line":7,"column":27}},"loc":{"start":{"line":7,"column":32},"end":{"line":15,"column":1}},"line":7},"1":{"name":"(anonymous_1)","decl":{"start":{"line":18,"column":33},"end":{"line":18,"column":34}},"loc":{"start":{"line":18,"column":53},"end":{"line":170,"column":1}},"line":18},"2":{"name":"(anonymous_2)","decl":{"start":{"line":173,"column":35},"end":{"line":173,"column":36}},"loc":{"start":{"line":173,"column":55},"end":{"line":323,"column":1}},"line":173}},"branchMap":{"0":{"loc":{"start":{"line":23,"column":4},"end":{"line":28,"column":5}},"type":"if","locations":[{"start":{"line":23,"column":4},"end":{"line":28,"column":5}},{"start":{},"end":{}}],"line":23},"1":{"loc":{"start":{"line":23,"column":8},"end":{"line":23,"column":35}},"type":"binary-expr","locations":[{"start":{"line":23,"column":8},"end":{"line":23,"column":13}},{"start":{"line":23,"column":17},"end":{"line":23,"column":23}},{"start":{"line":23,"column":27},"end":{"line":23,"column":35}}],"line":23},"2":{"loc":{"start":{"line":32,"column":4},"end":{"line":37,"column":5}},"type":"if","locations":[{"start":{"line":32,"column":4},"end":{"line":37,"column":5}},{"start":{},"end":{}}],"line":32},"3":{"loc":{"start":{"line":40,"column":4},"end":{"line":47,"column":5}},"type":"if","locations":[{"start":{"line":40,"column":4},"end":{"line":47,"column":5}},{"start":{},"end":{}}],"line":40},"4":{"loc":{"start":{"line":40,"column":8},"end":{"line":40,"column":58}},"type":"binary-expr","locations":[{"start":{"line":40,"column":8},"end":{"line":40,"column":31}},{"start":{"line":40,"column":35},"end":{"line":40,"column":58}}],"line":40},"5":{"loc":{"start":{"line":49,"column":4},"end":{"line":56,"column":5}},"type":"if","locations":[{"start":{"line":49,"column":4},"end":{"line":56,"column":5}},{"start":{},"end":{}}],"line":49},"6":{"loc":{"start":{"line":78,"column":16},"end":{"line":78,"column":114}},"type":"cond-expr","locations":[{"start":{"line":78,"column":24},"end":{"line":78,"column":109}},{"start":{"line":78,"column":112},"end":{"line":78,"column":114}}],"line":78},"7":{"loc":{"start":{"line":119,"column":16},"end":{"line":119,"column":114}},"type":"cond-expr","locations":[{"start":{"line":119,"column":24},"end":{"line":119,"column":109}},{"start":{"line":119,"column":112},"end":{"line":119,"column":114}}],"line":119},"8":{"loc":{"start":{"line":120,"column":103},"end":{"line":120,"column":136}},"type":"cond-expr","locations":[{"start":{"line":120,"column":126},"end":{"line":120,"column":131}},{"start":{"line":120,"column":134},"end":{"line":120,"column":136}}],"line":120},"9":{"loc":{"start":{"line":148,"column":4},"end":{"line":154,"column":5}},"type":"if","locations":[{"start":{"line":148,"column":4},"end":{"line":154,"column":5}},{"start":{},"end":{}}],"line":148},"10":{"loc":{"start":{"line":156,"column":4},"end":{"line":162,"column":5}},"type":"if","locations":[{"start":{"line":156,"column":4},"end":{"line":162,"column":5}},{"start":{},"end":{}}],"line":156},"11":{"loc":{"start":{"line":156,"column":8},"end":{"line":156,"column":66}},"type":"binary-expr","locations":[{"start":{"line":156,"column":8},"end":{"line":156,"column":36}},{"start":{"line":156,"column":40},"end":{"line":156,"column":66}}],"line":156},"12":{"loc":{"start":{"line":178,"column":4},"end":{"line":183,"column":5}},"type":"if","locations":[{"start":{"line":178,"column":4},"end":{"line":183,"column":5}},{"start":{},"end":{}}],"line":178},"13":{"loc":{"start":{"line":187,"column":4},"end":{"line":192,"column":5}},"type":"if","locations":[{"start":{"line":187,"column":4},"end":{"line":192,"column":5}},{"start":{},"end":{}}],"line":187},"14":{"loc":{"start":{"line":195,"column":4},"end":{"line":202,"column":5}},"type":"if","locations":[{"start":{"line":195,"column":4},"end":{"line":202,"column":5}},{"start":{},"end":{}}],"line":195},"15":{"loc":{"start":{"line":195,"column":8},"end":{"line":195,"column":58}},"type":"binary-expr","locations":[{"start":{"line":195,"column":8},"end":{"line":195,"column":31}},{"start":{"line":195,"column":35},"end":{"line":195,"column":58}}],"line":195},"16":{"loc":{"start":{"line":204,"column":4},"end":{"line":211,"column":5}},"type":"if","locations":[{"start":{"line":204,"column":4},"end":{"line":211,"column":5}},{"start":{},"end":{}}],"line":204},"17":{"loc":{"start":{"line":301,"column":4},"end":{"line":307,"column":5}},"type":"if","locations":[{"start":{"line":301,"column":4},"end":{"line":307,"column":5}},{"start":{},"end":{}}],"line":301},"18":{"loc":{"start":{"line":309,"column":4},"end":{"line":315,"column":5}},"type":"if","locations":[{"start":{"line":309,"column":4},"end":{"line":315,"column":5}},{"start":{},"end":{}}],"line":309},"19":{"loc":{"start":{"line":309,"column":8},"end":{"line":309,"column":66}},"type":"binary-expr","locations":[{"start":{"line":309,"column":8},"end":{"line":309,"column":36}},{"start":{"line":309,"column":40},"end":{"line":309,"column":66}}],"line":309}},"s":{"0":0,"1":0,"2":0,"3":0,"4":0,"5":0,"6":0,"7":0,"8":0,"9":0,"10":0,"11":0,"12":0,"13":0,"14":0,"15":0,"16":0,"17":0,"18":0,"19":0,"20":0,"21":0,"22":0,"23":0,"24":0,"25":0,"26":0,"27":0,"28":0,"29":0,"30":0,"31":0,"32":0,"33":0,"34":0,"35":0,"36":0,"37":0,"38":0,"39":0,"40":0,"41":0,"42":0,"43":0,"44":0,"45":0,"46":0,"47":0,"48":0,"49":0,"50":0,"51":0,"52":0,"53":0,"54":0},"f":{"0":0,"1":0,"2":0},"b":{"0":[0,0],"1":[0,0,0],"2":[0,0],"3":[0,0],"4":[0,0],"5":[0,0],"6":[0,0],"7":[0,0],"8":[0,0],"9":[0,0],"10":[0,0],"11":[0,0],"12":[0,0],"13":[0,0],"14":[0,0],"15":[0,0],"16":[0,0],"17":[0,0],"18":[0,0],"19":[0,0]}}
,"F:\\Husk_Store\\Custom_Ecommerce\\server\\controllers\\orderController.js": {"path":"F:\\Husk_Store\\Custom_Ecommerce\\server\\controllers\\orderController.js","statementMap":{"0":{"start":{"line":9,"column":29},"end":{"line":24,"column":1}},"1":{"start":{"line":10,"column":23},"end":{"line":14,"column":4}},"2":{"start":{"line":11,"column":20},"end":{"line":11,"column":58}},"3":{"start":{"line":12,"column":4},"end":{"line":12,"column":74}},"4":{"start":{"line":12,"column":18},"end":{"line":12,"column":74}},"5":{"start":{"line":13,"column":4},"end":{"line":13,"column":67}},"6":{"start":{"line":16,"column":22},"end":{"line":16,"column":53}},"7":{"start":{"line":17,"column":19},"end":{"line":17,"column":60}},"8":{"start":{"line":17,"column":45},"end":{"line":17,"column":59}},"9":{"start":{"line":18,"column":15},"end":{"line":18,"column":74}},"10":{"start":{"line":18,"column":51},"end":{"line":18,"column":70}},"11":{"start":{"line":21,"column":2},"end":{"line":21,"column":38}},"12":{"start":{"line":23,"column":2},"end":{"line":23,"column":30}},"13":{"start":{"line":26,"column":32},"end":{"line":85,"column":1}},"14":{"start":{"line":27,"column":2},"end":{"line":84,"column":3}},"15":{"start":{"line":28,"column":27},"end":{"line":28,"column":68}},"16":{"start":{"line":29,"column":31},"end":{"line":29,"column":39}},"17":{"start":{"line":30,"column":19},"end":{"line":30,"column":29}},"18":{"start":{"line":31,"column":19},"end":{"line":31,"column":63}},"19":{"start":{"line":33,"column":4},"end":{"line":35,"column":5}},"20":{"start":{"line":34,"column":6},"end":{"line":34,"column":71}},"21":{"start":{"line":37,"column":33},"end":{"line":37,"column":66}},"22":{"start":{"line":39,"column":4},"end":{"line":41,"column":5}},"23":{"start":{"line":40,"column":6},"end":{"line":40,"column":76}},"24":{"start":{"line":44,"column":21},"end":{"line":53,"column":6}},"25":{"start":{"line":46,"column":34},"end":{"line":49,"column":7}},"26":{"start":{"line":56,"column":23},"end":{"line":65,"column":7}},"27":{"start":{"line":56,"column":49},"end":{"line":65,"column":5}},"28":{"start":{"line":67,"column":20},"end":{"line":76,"column":6}},"29":{"start":{"line":78,"column":4},"end":{"line":81,"column":46}},"30":{"start":{"line":83,"column":4},"end":{"line":83,"column":83}},"31":{"start":{"line":87,"column":29},"end":{"line":119,"column":1}},"32":{"start":{"line":88,"column":2},"end":{"line":118,"column":3}},"33":{"start":{"line":89,"column":19},"end":{"line":89,"column":29}},"34":{"start":{"line":90,"column":31},"end":{"line":90,"column":45}},"35":{"start":{"line":92,"column":4},"end":{"line":94,"column":5}},"36":{"start":{"line":93,"column":6},"end":{"line":93,"column":71}},"37":{"start":{"line":96,"column":23},"end":{"line":96,"column":56}},"38":{"start":{"line":98,"column":4},"end":{"line":100,"column":5}},"39":{"start":{"line":99,"column":6},"end":{"line":99,"column":76}},"40":{"start":{"line":102,"column":21},"end":{"line":111,"column":6}},"41":{"start":{"line":104,"column":34},"end":{"line":107,"column":7}},"42":{"start":{"line":113,"column":4},"end":{"line":115,"column":36}},"43":{"start":{"line":117,"column":4},"end":{"line":117,"column":83}},"44":{"start":{"line":122,"column":29},"end":{"line":148,"column":1}},"45":{"start":{"line":123,"column":2},"end":{"line":147,"column":3}},"46":{"start":{"line":124,"column":19},"end":{"line":124,"column":29}},"47":{"start":{"line":126,"column":19},"end":{"line":132,"column":30}},"48":{"start":{"line":135,"column":30},"end":{"line":142,"column":7}},"49":{"start":{"line":135,"column":53},"end":{"line":142,"column":5}},"50":{"start":{"line":137,"column":40},"end":{"line":140,"column":7}},"51":{"start":{"line":144,"column":4},"end":{"line":144,"column":100}},"52":{"start":{"line":146,"column":4},"end":{"line":146,"column":54}},"53":{"start":{"line":151,"column":31},"end":{"line":177,"column":1}},"54":{"start":{"line":152,"column":2},"end":{"line":176,"column":3}},"55":{"start":{"line":154,"column":19},"end":{"line":162,"column":30}},"56":{"start":{"line":165,"column":30},"end":{"line":171,"column":7}},"57":{"start":{"line":165,"column":53},"end":{"line":171,"column":5}},"58":{"start":{"line":167,"column":40},"end":{"line":170,"column":7}},"59":{"start":{"line":173,"column":4},"end":{"line":173,"column":107}},"60":{"start":{"line":175,"column":4},"end":{"line":175,"column":54}},"61":{"start":{"line":180,"column":33},"end":{"line":221,"column":1}},"62":{"start":{"line":181,"column":2},"end":{"line":220,"column":3}},"63":{"start":{"line":182,"column":32},"end":{"line":182,"column":40}},"64":{"start":{"line":184,"column":4},"end":{"line":186,"column":5}},"65":{"start":{"line":185,"column":6},"end":{"line":185,"column":77}},"66":{"start":{"line":189,"column":30},"end":{"line":191,"column":39}},"67":{"start":{"line":193,"column":4},"end":{"line":195,"column":5}},"68":{"start":{"line":194,"column":6},"end":{"line":194,"column":60}},"69":{"start":{"line":197,"column":25},"end":{"line":202,"column":38}},"70":{"start":{"line":205,"column":4},"end":{"line":215,"column":5}},"71":{"start":{"line":208,"column":6},"end":{"line":214,"column":7}},"72":{"start":{"line":209,"column":8},"end":{"line":209,"column":72}},"73":{"start":{"line":210,"column":8},"end":{"line":210,"column":65}},"74":{"start":{"line":212,"column":8},"end":{"line":212,"column":76}},"75":{"start":{"line":217,"column":4},"end":{"line":217,"column":98}},"76":{"start":{"line":219,"column":4},"end":{"line":219,"column":54}},"77":{"start":{"line":224,"column":35},"end":{"line":246,"column":1}},"78":{"start":{"line":225,"column":2},"end":{"line":245,"column":3}},"79":{"start":{"line":226,"column":32},"end":{"line":226,"column":40}},"80":{"start":{"line":228,"column":4},"end":{"line":230,"column":5}},"81":{"start":{"line":229,"column":6},"end":{"line":229,"column":85}},"82":{"start":{"line":232,"column":25},"end":{"line":236,"column":5}},"83":{"start":{"line":238,"column":4},"end":{"line":240,"column":5}},"84":{"start":{"line":239,"column":6},"end":{"line":239,"column":60}},"85":{"start":{"line":242,"column":4},"end":{"line":242,"column":100}},"86":{"start":{"line":244,"column":4},"end":{"line":244,"column":54}},"87":{"start":{"line":248,"column":31},"end":{"line":278,"column":1}},"88":{"start":{"line":249,"column":2},"end":{"line":277,"column":3}},"89":{"start":{"line":250,"column":31},"end":{"line":250,"column":45}},"90":{"start":{"line":252,"column":4},"end":{"line":254,"column":5}},"91":{"start":{"line":253,"column":6},"end":{"line":253,"column":71}},"92":{"start":{"line":256,"column":23},"end":{"line":256,"column":56}},"93":{"start":{"line":258,"column":4},"end":{"line":260,"column":5}},"94":{"start":{"line":259,"column":6},"end":{"line":259,"column":76}},"95":{"start":{"line":262,"column":21},"end":{"line":270,"column":6}},"96":{"start":{"line":263,"column":34},"end":{"line":266,"column":7}},"97":{"start":{"line":272,"column":4},"end":{"line":274,"column":36}},"98":{"start":{"line":276,"column":4},"end":{"line":276,"column":83}},"99":{"start":{"line":281,"column":29},"end":{"line":354,"column":1}},"100":{"start":{"line":282,"column":14},"end":{"line":282,"column":45}},"101":{"start":{"line":283,"column":25},"end":{"line":283,"column":58}},"102":{"start":{"line":284,"column":25},"end":{"line":284,"column":66}},"103":{"start":{"line":288,"column":2},"end":{"line":293,"column":3}},"104":{"start":{"line":289,"column":4},"end":{"line":289,"column":82}},"105":{"start":{"line":291,"column":4},"end":{"line":291,"column":71}},"106":{"start":{"line":292,"column":4},"end":{"line":292,"column":65}},"107":{"start":{"line":295,"column":2},"end":{"line":295,"column":55}},"108":{"start":{"line":298,"column":2},"end":{"line":351,"column":3}},"109":{"start":{"line":300,"column":22},"end":{"line":300,"column":39}},"110":{"start":{"line":301,"column":6},"end":{"line":301,"column":61}},"111":{"start":{"line":304,"column":6},"end":{"line":323,"column":7}},"112":{"start":{"line":305,"column":8},"end":{"line":320,"column":9}},"113":{"start":{"line":306,"column":31},"end":{"line":310,"column":11}},"114":{"start":{"line":312,"column":10},"end":{"line":317,"column":11}},"115":{"start":{"line":313,"column":12},"end":{"line":313,"column":87}},"116":{"start":{"line":314,"column":12},"end":{"line":314,"column":81}},"117":{"start":{"line":316,"column":12},"end":{"line":316,"column":76}},"118":{"start":{"line":319,"column":10},"end":{"line":319,"column":73}},"119":{"start":{"line":322,"column":8},"end":{"line":322,"column":64}},"120":{"start":{"line":324,"column":6},"end":{"line":324,"column":12}},"121":{"start":{"line":327,"column":28},"end":{"line":327,"column":45}},"122":{"start":{"line":328,"column":6},"end":{"line":328,"column":65}},"123":{"start":{"line":332,"column":6},"end":{"line":346,"column":7}},"124":{"start":{"line":333,"column":8},"end":{"line":345,"column":9}},"125":{"start":{"line":334,"column":31},"end":{"line":338,"column":11}},"126":{"start":{"line":340,"column":10},"end":{"line":342,"column":11}},"127":{"start":{"line":341,"column":12},"end":{"line":341,"column":99}},"128":{"start":{"line":344,"column":10},"end":{"line":344,"column":78}},"129":{"start":{"line":347,"column":6},"end":{"line":347,"column":12}},"130":{"start":{"line":350,"column":6},"end":{"line":350,"column":57}},"131":{"start":{"line":353,"column":2},"end":{"line":353,"column":31}},"132":{"start":{"line":357,"column":27},"end":{"line":388,"column":1}},"133":{"start":{"line":358,"column":2},"end":{"line":387,"column":3}},"134":{"start":{"line":359,"column":24},"end":{"line":359,"column":34}},"135":{"start":{"line":360,"column":21},"end":{"line":360,"column":31}},"136":{"start":{"line":362,"column":4},"end":{"line":364,"column":5}},"137":{"start":{"line":363,"column":6},"end":{"line":363,"column":65}},"138":{"start":{"line":367,"column":18},"end":{"line":367,"column":75}},"139":{"start":{"line":369,"column":4},"end":{"line":371,"column":5}},"140":{"start":{"line":370,"column":6},"end":{"line":370,"column":60}},"141":{"start":{"line":374,"column":31},"end":{"line":376,"column":5}},"142":{"start":{"line":375,"column":16},"end":{"line":375,"column":63}},"143":{"start":{"line":378,"column":4},"end":{"line":380,"column":5}},"144":{"start":{"line":379,"column":6},"end":{"line":379,"column":96}},"145":{"start":{"line":382,"column":4},"end":{"line":382,"column":43}},"146":{"start":{"line":384,"column":4},"end":{"line":384,"column":70}},"147":{"start":{"line":386,"column":4},"end":{"line":386,"column":65}}},"fnMap":{"0":{"name":"(anonymous_0)","decl":{"start":{"line":9,"column":29},"end":{"line":9,"column":30}},"loc":{"start":{"line":9,"column":46},"end":{"line":24,"column":1}},"line":9},"1":{"name":"(anonymous_1)","decl":{"start":{"line":10,"column":33},"end":{"line":10,"column":34}},"loc":{"start":{"line":10,"column":49},"end":{"line":14,"column":3}},"line":10},"2":{"name":"(anonymous_2)","decl":{"start":{"line":17,"column":35},"end":{"line":17,"column":36}},"loc":{"start":{"line":17,"column":45},"end":{"line":17,"column":59}},"line":17},"3":{"name":"(anonymous_3)","decl":{"start":{"line":18,"column":34},"end":{"line":18,"column":35}},"loc":{"start":{"line":18,"column":51},"end":{"line":18,"column":70}},"line":18},"4":{"name":"(anonymous_4)","decl":{"start":{"line":26,"column":32},"end":{"line":26,"column":33}},"loc":{"start":{"line":26,"column":52},"end":{"line":85,"column":1}},"line":26},"5":{"name":"(anonymous_5)","decl":{"start":{"line":46,"column":23},"end":{"line":46,"column":24}},"loc":{"start":{"line":46,"column":34},"end":{"line":49,"column":7}},"line":46},"6":{"name":"(anonymous_6)","decl":{"start":{"line":56,"column":33},"end":{"line":56,"column":34}},"loc":{"start":{"line":56,"column":49},"end":{"line":65,"column":5}},"line":56},"7":{"name":"(anonymous_7)","decl":{"start":{"line":87,"column":29},"end":{"line":87,"column":30}},"loc":{"start":{"line":87,"column":49},"end":{"line":119,"column":1}},"line":87},"8":{"name":"(anonymous_8)","decl":{"start":{"line":104,"column":23},"end":{"line":104,"column":24}},"loc":{"start":{"line":104,"column":34},"end":{"line":107,"column":7}},"line":104},"9":{"name":"(anonymous_9)","decl":{"start":{"line":122,"column":29},"end":{"line":122,"column":30}},"loc":{"start":{"line":122,"column":49},"end":{"line":148,"column":1}},"line":122},"10":{"name":"(anonymous_10)","decl":{"start":{"line":135,"column":41},"end":{"line":135,"column":42}},"loc":{"start":{"line":135,"column":53},"end":{"line":142,"column":5}},"line":135},"11":{"name":"(anonymous_11)","decl":{"start":{"line":137,"column":29},"end":{"line":137,"column":30}},"loc":{"start":{"line":137,"column":40},"end":{"line":140,"column":7}},"line":137},"12":{"name":"(anonymous_12)","decl":{"start":{"line":151,"column":31},"end":{"line":151,"column":32}},"loc":{"start":{"line":151,"column":51},"end":{"line":177,"column":1}},"line":151},"13":{"name":"(anonymous_13)","decl":{"start":{"line":165,"column":41},"end":{"line":165,"column":42}},"loc":{"start":{"line":165,"column":53},"end":{"line":171,"column":5}},"line":165},"14":{"name":"(anonymous_14)","decl":{"start":{"line":167,"column":29},"end":{"line":167,"column":30}},"loc":{"start":{"line":167,"column":40},"end":{"line":170,"column":7}},"line":167},"15":{"name":"(anonymous_15)","decl":{"start":{"line":180,"column":33},"end":{"line":180,"column":34}},"loc":{"start":{"line":180,"column":53},"end":{"line":221,"column":1}},"line":180},"16":{"name":"(anonymous_16)","decl":{"start":{"line":224,"column":35},"end":{"line":224,"column":36}},"loc":{"start":{"line":224,"column":55},"end":{"line":246,"column":1}},"line":224},"17":{"name":"(anonymous_17)","decl":{"start":{"line":248,"column":31},"end":{"line":248,"column":32}},"loc":{"start":{"line":248,"column":51},"end":{"line":278,"column":1}},"line":248},"18":{"name":"(anonymous_18)","decl":{"start":{"line":263,"column":23},"end":{"line":263,"column":24}},"loc":{"start":{"line":263,"column":34},"end":{"line":266,"column":7}},"line":263},"19":{"name":"(anonymous_19)","decl":{"start":{"line":281,"column":29},"end":{"line":281,"column":30}},"loc":{"start":{"line":281,"column":49},"end":{"line":354,"column":1}},"line":281},"20":{"name":"(anonymous_20)","decl":{"start":{"line":357,"column":27},"end":{"line":357,"column":28}},"loc":{"start":{"line":357,"column":47},"end":{"line":388,"column":1}},"line":357},"21":{"name":"(anonymous_21)","decl":{"start":{"line":375,"column":6},"end":{"line":375,"column":7}},"loc":{"start":{"line":375,"column":16},"end":{"line":375,"column":63}},"line":375}},"branchMap":{"0":{"loc":{"start":{"line":12,"column":4},"end":{"line":12,"column":74}},"type":"if","locations":[{"start":{"line":12,"column":4},"end":{"line":12,"column":74}},{"start":{},"end":{}}],"line":12},"1":{"loc":{"start":{"line":31,"column":19},"end":{"line":31,"column":63}},"type":"binary-expr","locations":[{"start":{"line":31,"column":19},"end":{"line":31,"column":37}},{"start":{"line":31,"column":41},"end":{"line":31,"column":63}}],"line":31},"2":{"loc":{"start":{"line":33,"column":4},"end":{"line":35,"column":5}},"type":"if","locations":[{"start":{"line":33,"column":4},"end":{"line":35,"column":5}},{"start":{},"end":{}}],"line":33},"3":{"loc":{"start":{"line":33,"column":8},"end":{"line":33,"column":59}},"type":"binary-expr","locations":[{"start":{"line":33,"column":8},"end":{"line":33,"column":15}},{"start":{"line":33,"column":19},"end":{"line":33,"column":25}},{"start":{"line":33,"column":29},"end":{"line":33,"column":47}},{"start":{"line":33,"column":51},"end":{"line":33,"column":59}}],"line":33},"4":{"loc":{"start":{"line":39,"column":4},"end":{"line":41,"column":5}},"type":"if","locations":[{"start":{"line":39,"column":4},"end":{"line":41,"column":5}},{"start":{},"end":{}}],"line":39},"5":{"loc":{"start":{"line":39,"column":8},"end":{"line":39,"column":36}},"type":"binary-expr","locations":[{"start":{"line":39,"column":8},"end":{"line":39,"column":21}},{"start":{"line":39,"column":25},"end":{"line":39,"column":36}}],"line":39},"6":{"loc":{"start":{"line":90,"column":31},"end":{"line":90,"column":45}},"type":"binary-expr","locations":[{"start":{"line":90,"column":31},"end":{"line":90,"column":39}},{"start":{"line":90,"column":43},"end":{"line":90,"column":45}}],"line":90},"7":{"loc":{"start":{"line":92,"column":4},"end":{"line":94,"column":5}},"type":"if","locations":[{"start":{"line":92,"column":4},"end":{"line":94,"column":5}},{"start":{},"end":{}}],"line":92},"8":{"loc":{"start":{"line":92,"column":8},"end":{"line":92,"column":59}},"type":"binary-expr","locations":[{"start":{"line":92,"column":8},"end":{"line":92,"column":15}},{"start":{"line":92,"column":19},"end":{"line":92,"column":25}},{"start":{"line":92,"column":29},"end":{"line":92,"column":47}},{"start":{"line":92,"column":51},"end":{"line":92,"column":59}}],"line":92},"9":{"loc":{"start":{"line":98,"column":4},"end":{"line":100,"column":5}},"type":"if","locations":[{"start":{"line":98,"column":4},"end":{"line":100,"column":5}},{"start":{},"end":{}}],"line":98},"10":{"loc":{"start":{"line":98,"column":8},"end":{"line":98,"column":36}},"type":"binary-expr","locations":[{"start":{"line":98,"column":8},"end":{"line":98,"column":21}},{"start":{"line":98,"column":25},"end":{"line":98,"column":36}}],"line":98},"11":{"loc":{"start":{"line":184,"column":4},"end":{"line":186,"column":5}},"type":"if","locations":[{"start":{"line":184,"column":4},"end":{"line":186,"column":5}},{"start":{},"end":{}}],"line":184},"12":{"loc":{"start":{"line":184,"column":8},"end":{"line":184,"column":27}},"type":"binary-expr","locations":[{"start":{"line":184,"column":8},"end":{"line":184,"column":16}},{"start":{"line":184,"column":20},"end":{"line":184,"column":27}}],"line":184},"13":{"loc":{"start":{"line":193,"column":4},"end":{"line":195,"column":5}},"type":"if","locations":[{"start":{"line":193,"column":4},"end":{"line":195,"column":5}},{"start":{},"end":{}}],"line":193},"14":{"loc":{"start":{"line":205,"column":4},"end":{"line":215,"column":5}},"type":"if","locations":[{"start":{"line":205,"column":4},"end":{"line":215,"column":5}},{"start":{},"end":{}}],"line":205},"15":{"loc":{"start":{"line":205,"column":8},"end":{"line":207,"column":27}},"type":"binary-expr","locations":[{"start":{"line":205,"column":9},"end":{"line":205,"column":31}},{"start":{"line":205,"column":35},"end":{"line":205,"column":57}},{"start":{"line":206,"column":8},"end":{"line":206,"column":27}},{"start":{"line":207,"column":8},"end":{"line":207,"column":27}}],"line":205},"16":{"loc":{"start":{"line":228,"column":4},"end":{"line":230,"column":5}},"type":"if","locations":[{"start":{"line":228,"column":4},"end":{"line":230,"column":5}},{"start":{},"end":{}}],"line":228},"17":{"loc":{"start":{"line":228,"column":8},"end":{"line":228,"column":47}},"type":"binary-expr","locations":[{"start":{"line":228,"column":8},"end":{"line":228,"column":16}},{"start":{"line":228,"column":20},"end":{"line":228,"column":47}}],"line":228},"18":{"loc":{"start":{"line":238,"column":4},"end":{"line":240,"column":5}},"type":"if","locations":[{"start":{"line":238,"column":4},"end":{"line":240,"column":5}},{"start":{},"end":{}}],"line":238},"19":{"loc":{"start":{"line":250,"column":31},"end":{"line":250,"column":45}},"type":"binary-expr","locations":[{"start":{"line":250,"column":31},"end":{"line":250,"column":39}},{"start":{"line":250,"column":43},"end":{"line":250,"column":45}}],"line":250},"20":{"loc":{"start":{"line":252,"column":4},"end":{"line":254,"column":5}},"type":"if","locations":[{"start":{"line":252,"column":4},"end":{"line":254,"column":5}},{"start":{},"end":{}}],"line":252},"21":{"loc":{"start":{"line":252,"column":8},"end":{"line":252,"column":48}},"type":"binary-expr","locations":[{"start":{"line":252,"column":8},"end":{"line":252,"column":14}},{"start":{"line":252,"column":18},"end":{"line":252,"column":36}},{"start":{"line":252,"column":40},"end":{"line":252,"column":48}}],"line":252},"22":{"loc":{"start":{"line":258,"column":4},"end":{"line":260,"column":5}},"type":"if","locations":[{"start":{"line":258,"column":4},"end":{"line":260,"column":5}},{"start":{},"end":{}}],"line":258},"23":{"loc":{"start":{"line":258,"column":8},"end":{"line":258,"column":36}},"type":"binary-expr","locations":[{"start":{"line":258,"column":8},"end":{"line":258,"column":21}},{"start":{"line":258,"column":25},"end":{"line":258,"column":36}}],"line":258},"24":{"loc":{"start":{"line":298,"column":2},"end":{"line":351,"column":3}},"type":"switch","locations":[{"start":{"line":299,"column":4},"end":{"line":324,"column":12}},{"start":{"line":326,"column":4},"end":{"line":347,"column":12}},{"start":{"line":349,"column":4},"end":{"line":350,"column":57}}],"line":298},"25":{"loc":{"start":{"line":304,"column":6},"end":{"line":323,"column":7}},"type":"if","locations":[{"start":{"line":304,"column":6},"end":{"line":323,"column":7}},{"start":{"line":321,"column":13},"end":{"line":323,"column":7}}],"line":304},"26":{"loc":{"start":{"line":304,"column":10},"end":{"line":304,"column":54}},"type":"binary-expr","locations":[{"start":{"line":304,"column":10},"end":{"line":304,"column":26}},{"start":{"line":304,"column":30},"end":{"line":304,"column":54}}],"line":304},"27":{"loc":{"start":{"line":312,"column":10},"end":{"line":317,"column":11}},"type":"if","locations":[{"start":{"line":312,"column":10},"end":{"line":317,"column":11}},{"start":{"line":315,"column":17},"end":{"line":317,"column":11}}],"line":312},"28":{"loc":{"start":{"line":332,"column":6},"end":{"line":346,"column":7}},"type":"if","locations":[{"start":{"line":332,"column":6},"end":{"line":346,"column":7}},{"start":{},"end":{}}],"line":332},"29":{"loc":{"start":{"line":332,"column":10},"end":{"line":332,"column":66}},"type":"binary-expr","locations":[{"start":{"line":332,"column":10},"end":{"line":332,"column":32}},{"start":{"line":332,"column":36},"end":{"line":332,"column":66}}],"line":332},"30":{"loc":{"start":{"line":340,"column":10},"end":{"line":342,"column":11}},"type":"if","locations":[{"start":{"line":340,"column":10},"end":{"line":342,"column":11}},{"start":{},"end":{}}],"line":340},"31":{"loc":{"start":{"line":362,"column":4},"end":{"line":364,"column":5}},"type":"if","locations":[{"start":{"line":362,"column":4},"end":{"line":364,"column":5}},{"start":{},"end":{}}],"line":362},"32":{"loc":{"start":{"line":369,"column":4},"end":{"line":371,"column":5}},"type":"if","locations":[{"start":{"line":369,"column":4},"end":{"line":371,"column":5}},{"start":{},"end":{}}],"line":369},"33":{"loc":{"start":{"line":378,"column":4},"end":{"line":380,"column":5}},"type":"if","locations":[{"start":{"line":378,"column":4},"end":{"line":380,"column":5}},{"start":{},"end":{}}],"line":378}},"s":{"0":0,"1":0,"2":0,"3":0,"4":0,"5":0,"6":0,"7":0,"8":0,"9":0,"10":0,"11":0,"12":0,"13":0,"14":0,"15":0,"16":0,"17":0,"18":0,"19":0,"20":0,"21":0,"22":0,"23":0,"24":0,"25":0,"26":0,"27":0,"28":0,"29":0,"30":0,"31":0,"32":0,"33":0,"34":0,"35":0,"36":0,"37":0,"38":0,"39":0,"40":0,"41":0,"42":0,"43":0,"44":0,"45":0,"46":0,"47":0,"48":0,"49":0,"50":0,"51":0,"52":0,"53":0,"54":0,"55":0,"56":0,"57":0,"58":0,"59":0,"60":0,"61":0,"62":0,"63":0,"64":0,"65":0,"66":0,"67":0,"68":0,"69":0,"70":0,"71":0,"72":0,"73":0,"74":0,"75":0,"76":0,"77":0,"78":0,"79":0,"80":0,"81":0,"82":0,"83":0,"84":0,"85":0,"86":0,"87":0,"88":0,"89":0,"90":0,"91":0,"92":0,"93":0,"94":0,"95":0,"96":0,"97":0,"98":0,"99":0,"100":0,"101":0,"102":0,"103":0,"104":0,"105":0,"106":0,"107":0,"108":0,"109":0,"110":0,"111":0,"112":0,"113":0,"114":0,"115":0,"116":0,"117":0,"118":0,"119":0,"120":0,"121":0,"122":0,"123":0,"124":0,"125":0,"126":0,"127":0,"128":0,"129":0,"130":0,"131":0,"132":0,"133":0,"134":0,"135":0,"136":0,"137":0,"138":0,"139":0,"140":0,"141":0,"142":0,"143":0,"144":0,"145":0,"146":0,"147":0},"f":{"0":0,"1":0,"2":0,"3":0,"4":0,"5":0,"6":0,"7":0,"8":0,"9":0,"10":0,"11":0,"12":0,"13":0,"14":0,"15":0,"16":0,"17":0,"18":0,"19":0,"20":0,"21":0},"b":{"0":[0,0],"1":[0,0],"2":[0,0],"3":[0,0,0,0],"4":[0,0],"5":[0,0],"6":[0,0],"7":[0,0],"8":[0,0,0,0],"9":[0,0],"10":[0,0],"11":[0,0],"12":[0,0],"13":[0,0],"14":[0,0],"15":[0,0,0,0],"16":[0,0],"17":[0,0],"18":[0,0],"19":[0,0],"20":[0,0],"21":[0,0,0],"22":[0,0],"23":[0,0],"24":[0,0,0],"25":[0,0],"26":[0,0],"27":[0,0],"28":[0,0],"29":[0,0],"30":[0,0],"31":[0,0],"32":[0,0],"33":[0,0]}}
,"F:\\Husk_Store\\Custom_Ecommerce\\server\\controllers\\orderRatingController.js": {"path":"F:\\Husk_Store\\Custom_Ecommerce\\server\\controllers\\orderRatingController.js","statementMap":{"0":{"start":{"line":6,"column":33},"end":{"line":116,"column":1}},"1":{"start":{"line":7,"column":2},"end":{"line":115,"column":3}},"2":{"start":{"line":17,"column":8},"end":{"line":17,"column":16}},"3":{"start":{"line":18,"column":19},"end":{"line":18,"column":29}},"4":{"start":{"line":20,"column":4},"end":{"line":25,"column":5}},"5":{"start":{"line":21,"column":6},"end":{"line":24,"column":9}},"6":{"start":{"line":28,"column":4},"end":{"line":33,"column":5}},"7":{"start":{"line":29,"column":6},"end":{"line":32,"column":9}},"8":{"start":{"line":36,"column":28},"end":{"line":36,"column":84}},"9":{"start":{"line":37,"column":4},"end":{"line":44,"column":5}},"10":{"start":{"line":38,"column":6},"end":{"line":43,"column":7}},"11":{"start":{"line":39,"column":8},"end":{"line":42,"column":11}},"12":{"start":{"line":47,"column":4},"end":{"line":52,"column":5}},"13":{"start":{"line":48,"column":6},"end":{"line":51,"column":9}},"14":{"start":{"line":55,"column":18},"end":{"line":55,"column":63}},"15":{"start":{"line":56,"column":4},"end":{"line":61,"column":5}},"16":{"start":{"line":57,"column":6},"end":{"line":60,"column":9}},"17":{"start":{"line":64,"column":4},"end":{"line":69,"column":5}},"18":{"start":{"line":65,"column":6},"end":{"line":68,"column":9}},"19":{"start":{"line":72,"column":29},"end":{"line":72,"column":55}},"20":{"start":{"line":73,"column":4},"end":{"line":78,"column":5}},"21":{"start":{"line":74,"column":6},"end":{"line":77,"column":9}},"22":{"start":{"line":81,"column":27},"end":{"line":81,"column":73}},"23":{"start":{"line":82,"column":4},"end":{"line":87,"column":5}},"24":{"start":{"line":83,"column":6},"end":{"line":86,"column":9}},"25":{"start":{"line":90,"column":27},"end":{"line":100,"column":6}},"26":{"start":{"line":102,"column":4},"end":{"line":102,"column":52}},"27":{"start":{"line":104,"column":4},"end":{"line":108,"column":7}},"28":{"start":{"line":110,"column":4},"end":{"line":110,"column":57}},"29":{"start":{"line":111,"column":4},"end":{"line":114,"column":7}},"30":{"start":{"line":119,"column":30},"end":{"line":146,"column":1}},"31":{"start":{"line":120,"column":2},"end":{"line":145,"column":3}},"32":{"start":{"line":121,"column":24},"end":{"line":121,"column":34}},"33":{"start":{"line":122,"column":19},"end":{"line":122,"column":29}},"34":{"start":{"line":124,"column":4},"end":{"line":129,"column":5}},"35":{"start":{"line":125,"column":6},"end":{"line":128,"column":9}},"36":{"start":{"line":131,"column":24},"end":{"line":133,"column":26}},"37":{"start":{"line":135,"column":4},"end":{"line":138,"column":7}},"38":{"start":{"line":140,"column":4},"end":{"line":140,"column":57}},"39":{"start":{"line":141,"column":4},"end":{"line":144,"column":7}},"40":{"start":{"line":149,"column":35},"end":{"line":188,"column":1}},"41":{"start":{"line":150,"column":2},"end":{"line":187,"column":3}},"42":{"start":{"line":151,"column":19},"end":{"line":151,"column":29}},"43":{"start":{"line":152,"column":37},"end":{"line":152,"column":46}},"44":{"start":{"line":154,"column":4},"end":{"line":159,"column":5}},"45":{"start":{"line":155,"column":6},"end":{"line":158,"column":9}},"46":{"start":{"line":161,"column":17},"end":{"line":161,"column":35}},"47":{"start":{"line":163,"column":25},"end":{"line":168,"column":29}},"48":{"start":{"line":170,"column":25},"end":{"line":170,"column":69}},"49":{"start":{"line":172,"column":4},"end":{"line":180,"column":7}},"50":{"start":{"line":182,"column":4},"end":{"line":182,"column":63}},"51":{"start":{"line":183,"column":4},"end":{"line":186,"column":7}},"52":{"start":{"line":191,"column":33},"end":{"line":258,"column":1}},"53":{"start":{"line":192,"column":2},"end":{"line":257,"column":3}},"54":{"start":{"line":193,"column":25},"end":{"line":193,"column":35}},"55":{"start":{"line":202,"column":8},"end":{"line":202,"column":16}},"56":{"start":{"line":203,"column":19},"end":{"line":203,"column":29}},"57":{"start":{"line":205,"column":4},"end":{"line":210,"column":5}},"58":{"start":{"line":206,"column":6},"end":{"line":209,"column":9}},"59":{"start":{"line":213,"column":20},"end":{"line":213,"column":91}},"60":{"start":{"line":214,"column":4},"end":{"line":221,"column":5}},"61":{"start":{"line":215,"column":6},"end":{"line":220,"column":7}},"62":{"start":{"line":216,"column":8},"end":{"line":219,"column":11}},"63":{"start":{"line":223,"column":27},"end":{"line":223,"column":79}},"64":{"start":{"line":224,"column":4},"end":{"line":229,"column":5}},"65":{"start":{"line":225,"column":6},"end":{"line":228,"column":9}},"66":{"start":{"line":231,"column":23},"end":{"line":231,"column":25}},"67":{"start":{"line":232,"column":4},"end":{"line":232,"column":78}},"68":{"start":{"line":232,"column":37},"end":{"line":232,"column":78}},"69":{"start":{"line":233,"column":4},"end":{"line":233,"column":81}},"70":{"start":{"line":233,"column":38},"end":{"line":233,"column":81}},"71":{"start":{"line":234,"column":4},"end":{"line":234,"column":84}},"72":{"start":{"line":234,"column":39},"end":{"line":234,"column":84}},"73":{"start":{"line":235,"column":4},"end":{"line":235,"column":102}},"74":{"start":{"line":235,"column":45},"end":{"line":235,"column":102}},"75":{"start":{"line":236,"column":4},"end":{"line":236,"column":57}},"76":{"start":{"line":236,"column":30},"end":{"line":236,"column":57}},"77":{"start":{"line":237,"column":4},"end":{"line":237,"column":81}},"78":{"start":{"line":237,"column":38},"end":{"line":237,"column":81}},"79":{"start":{"line":238,"column":4},"end":{"line":238,"column":51}},"80":{"start":{"line":238,"column":28},"end":{"line":238,"column":51}},"81":{"start":{"line":240,"column":26},"end":{"line":244,"column":32}},"82":{"start":{"line":246,"column":4},"end":{"line":250,"column":7}},"83":{"start":{"line":252,"column":4},"end":{"line":252,"column":57}},"84":{"start":{"line":253,"column":4},"end":{"line":256,"column":7}},"85":{"start":{"line":261,"column":33},"end":{"line":296,"column":1}},"86":{"start":{"line":262,"column":2},"end":{"line":295,"column":3}},"87":{"start":{"line":263,"column":25},"end":{"line":263,"column":35}},"88":{"start":{"line":264,"column":19},"end":{"line":264,"column":29}},"89":{"start":{"line":266,"column":4},"end":{"line":271,"column":5}},"90":{"start":{"line":267,"column":6},"end":{"line":270,"column":9}},"91":{"start":{"line":273,"column":26},"end":{"line":276,"column":6}},"92":{"start":{"line":278,"column":4},"end":{"line":283,"column":5}},"93":{"start":{"line":279,"column":6},"end":{"line":282,"column":9}},"94":{"start":{"line":285,"column":4},"end":{"line":288,"column":7}},"95":{"start":{"line":290,"column":4},"end":{"line":290,"column":57}},"96":{"start":{"line":291,"column":4},"end":{"line":294,"column":7}},"97":{"start":{"line":299,"column":32},"end":{"line":359,"column":1}},"98":{"start":{"line":300,"column":2},"end":{"line":358,"column":3}},"99":{"start":{"line":301,"column":24},"end":{"line":301,"column":34}},"100":{"start":{"line":302,"column":19},"end":{"line":302,"column":29}},"101":{"start":{"line":304,"column":4},"end":{"line":309,"column":5}},"102":{"start":{"line":305,"column":6},"end":{"line":308,"column":9}},"103":{"start":{"line":312,"column":18},"end":{"line":312,"column":63}},"104":{"start":{"line":313,"column":4},"end":{"line":318,"column":5}},"105":{"start":{"line":314,"column":6},"end":{"line":317,"column":9}},"106":{"start":{"line":321,"column":4},"end":{"line":328,"column":5}},"107":{"start":{"line":322,"column":6},"end":{"line":327,"column":9}},"108":{"start":{"line":331,"column":29},"end":{"line":331,"column":55}},"109":{"start":{"line":332,"column":4},"end":{"line":339,"column":5}},"110":{"start":{"line":333,"column":6},"end":{"line":338,"column":9}},"111":{"start":{"line":342,"column":27},"end":{"line":342,"column":73}},"112":{"start":{"line":344,"column":4},"end":{"line":351,"column":7}},"113":{"start":{"line":353,"column":4},"end":{"line":353,"column":69}},"114":{"start":{"line":354,"column":4},"end":{"line":357,"column":7}},"115":{"start":{"line":362,"column":35},"end":{"line":424,"column":1}},"116":{"start":{"line":363,"column":2},"end":{"line":423,"column":3}},"117":{"start":{"line":364,"column":18},"end":{"line":380,"column":6}},"118":{"start":{"line":382,"column":31},"end":{"line":390,"column":6}},"119":{"start":{"line":392,"column":20},"end":{"line":402,"column":6}},"120":{"start":{"line":404,"column":4},"end":{"line":416,"column":7}},"121":{"start":{"line":418,"column":4},"end":{"line":418,"column":63}},"122":{"start":{"line":419,"column":4},"end":{"line":422,"column":7}}},"fnMap":{"0":{"name":"(anonymous_0)","decl":{"start":{"line":6,"column":33},"end":{"line":6,"column":34}},"loc":{"start":{"line":6,"column":53},"end":{"line":116,"column":1}},"line":6},"1":{"name":"(anonymous_1)","decl":{"start":{"line":119,"column":30},"end":{"line":119,"column":31}},"loc":{"start":{"line":119,"column":50},"end":{"line":146,"column":1}},"line":119},"2":{"name":"(anonymous_2)","decl":{"start":{"line":149,"column":35},"end":{"line":149,"column":36}},"loc":{"start":{"line":149,"column":55},"end":{"line":188,"column":1}},"line":149},"3":{"name":"(anonymous_3)","decl":{"start":{"line":191,"column":33},"end":{"line":191,"column":34}},"loc":{"start":{"line":191,"column":53},"end":{"line":258,"column":1}},"line":191},"4":{"name":"(anonymous_4)","decl":{"start":{"line":261,"column":33},"end":{"line":261,"column":34}},"loc":{"start":{"line":261,"column":53},"end":{"line":296,"column":1}},"line":261},"5":{"name":"(anonymous_5)","decl":{"start":{"line":299,"column":32},"end":{"line":299,"column":33}},"loc":{"start":{"line":299,"column":52},"end":{"line":359,"column":1}},"line":299},"6":{"name":"(anonymous_6)","decl":{"start":{"line":362,"column":35},"end":{"line":362,"column":36}},"loc":{"start":{"line":362,"column":55},"end":{"line":424,"column":1}},"line":362}},"branchMap":{"0":{"loc":{"start":{"line":20,"column":4},"end":{"line":25,"column":5}},"type":"if","locations":[{"start":{"line":20,"column":4},"end":{"line":25,"column":5}},{"start":{},"end":{}}],"line":20},"1":{"loc":{"start":{"line":20,"column":8},"end":{"line":20,"column":45}},"type":"binary-expr","locations":[{"start":{"line":20,"column":8},"end":{"line":20,"column":15}},{"start":{"line":20,"column":19},"end":{"line":20,"column":27}},{"start":{"line":20,"column":31},"end":{"line":20,"column":45}}],"line":20},"2":{"loc":{"start":{"line":28,"column":4},"end":{"line":33,"column":5}},"type":"if","locations":[{"start":{"line":28,"column":4},"end":{"line":33,"column":5}},{"start":{},"end":{}}],"line":28},"3":{"loc":{"start":{"line":28,"column":8},"end":{"line":28,"column":82}},"type":"binary-expr","locations":[{"start":{"line":28,"column":8},"end":{"line":28,"column":40}},{"start":{"line":28,"column":44},"end":{"line":28,"column":61}},{"start":{"line":28,"column":65},"end":{"line":28,"column":82}}],"line":28},"4":{"loc":{"start":{"line":38,"column":6},"end":{"line":43,"column":7}},"type":"if","locations":[{"start":{"line":38,"column":6},"end":{"line":43,"column":7}},{"start":{},"end":{}}],"line":38},"5":{"loc":{"start":{"line":38,"column":10},"end":{"line":38,"column":108}},"type":"binary-expr","locations":[{"start":{"line":38,"column":10},"end":{"line":38,"column":30}},{"start":{"line":38,"column":34},"end":{"line":38,"column":49}},{"start":{"line":38,"column":54},"end":{"line":38,"column":79}},{"start":{"line":38,"column":83},"end":{"line":38,"column":93}},{"start":{"line":38,"column":97},"end":{"line":38,"column":107}}],"line":38},"6":{"loc":{"start":{"line":47,"column":4},"end":{"line":52,"column":5}},"type":"if","locations":[{"start":{"line":47,"column":4},"end":{"line":52,"column":5}},{"start":{},"end":{}}],"line":47},"7":{"loc":{"start":{"line":47,"column":8},"end":{"line":47,"column":38}},"type":"binary-expr","locations":[{"start":{"line":47,"column":8},"end":{"line":47,"column":14}},{"start":{"line":47,"column":18},"end":{"line":47,"column":38}}],"line":47},"8":{"loc":{"start":{"line":56,"column":4},"end":{"line":61,"column":5}},"type":"if","locations":[{"start":{"line":56,"column":4},"end":{"line":61,"column":5}},{"start":{},"end":{}}],"line":56},"9":{"loc":{"start":{"line":64,"column":4},"end":{"line":69,"column":5}},"type":"if","locations":[{"start":{"line":64,"column":4},"end":{"line":69,"column":5}},{"start":{},"end":{}}],"line":64},"10":{"loc":{"start":{"line":73,"column":4},"end":{"line":78,"column":5}},"type":"if","locations":[{"start":{"line":73,"column":4},"end":{"line":78,"column":5}},{"start":{},"end":{}}],"line":73},"11":{"loc":{"start":{"line":82,"column":4},"end":{"line":87,"column":5}},"type":"if","locations":[{"start":{"line":82,"column":4},"end":{"line":87,"column":5}},{"start":{},"end":{}}],"line":82},"12":{"loc":{"start":{"line":97,"column":14},"end":{"line":97,"column":26}},"type":"binary-expr","locations":[{"start":{"line":97,"column":14},"end":{"line":97,"column":20}},{"start":{"line":97,"column":24},"end":{"line":97,"column":26}}],"line":97},"13":{"loc":{"start":{"line":99,"column":12},"end":{"line":99,"column":22}},"type":"binary-expr","locations":[{"start":{"line":99,"column":12},"end":{"line":99,"column":16}},{"start":{"line":99,"column":20},"end":{"line":99,"column":22}}],"line":99},"14":{"loc":{"start":{"line":124,"column":4},"end":{"line":129,"column":5}},"type":"if","locations":[{"start":{"line":124,"column":4},"end":{"line":129,"column":5}},{"start":{},"end":{}}],"line":124},"15":{"loc":{"start":{"line":124,"column":8},"end":{"line":124,"column":27}},"type":"binary-expr","locations":[{"start":{"line":124,"column":8},"end":{"line":124,"column":15}},{"start":{"line":124,"column":19},"end":{"line":124,"column":27}}],"line":124},"16":{"loc":{"start":{"line":152,"column":12},"end":{"line":152,"column":20}},"type":"default-arg","locations":[{"start":{"line":152,"column":19},"end":{"line":152,"column":20}}],"line":152},"17":{"loc":{"start":{"line":152,"column":22},"end":{"line":152,"column":32}},"type":"default-arg","locations":[{"start":{"line":152,"column":30},"end":{"line":152,"column":32}}],"line":152},"18":{"loc":{"start":{"line":154,"column":4},"end":{"line":159,"column":5}},"type":"if","locations":[{"start":{"line":154,"column":4},"end":{"line":159,"column":5}},{"start":{},"end":{}}],"line":154},"19":{"loc":{"start":{"line":205,"column":4},"end":{"line":210,"column":5}},"type":"if","locations":[{"start":{"line":205,"column":4},"end":{"line":210,"column":5}},{"start":{},"end":{}}],"line":205},"20":{"loc":{"start":{"line":205,"column":8},"end":{"line":205,"column":28}},"type":"binary-expr","locations":[{"start":{"line":205,"column":8},"end":{"line":205,"column":15}},{"start":{"line":205,"column":19},"end":{"line":205,"column":28}}],"line":205},"21":{"loc":{"start":{"line":215,"column":6},"end":{"line":220,"column":7}},"type":"if","locations":[{"start":{"line":215,"column":6},"end":{"line":220,"column":7}},{"start":{},"end":{}}],"line":215},"22":{"loc":{"start":{"line":215,"column":10},"end":{"line":215,"column":108}},"type":"binary-expr","locations":[{"start":{"line":215,"column":10},"end":{"line":215,"column":30}},{"start":{"line":215,"column":34},"end":{"line":215,"column":49}},{"start":{"line":215,"column":54},"end":{"line":215,"column":79}},{"start":{"line":215,"column":83},"end":{"line":215,"column":93}},{"start":{"line":215,"column":97},"end":{"line":215,"column":107}}],"line":215},"23":{"loc":{"start":{"line":224,"column":4},"end":{"line":229,"column":5}},"type":"if","locations":[{"start":{"line":224,"column":4},"end":{"line":229,"column":5}},{"start":{},"end":{}}],"line":224},"24":{"loc":{"start":{"line":232,"column":4},"end":{"line":232,"column":78}},"type":"if","locations":[{"start":{"line":232,"column":4},"end":{"line":232,"column":78}},{"start":{},"end":{}}],"line":232},"25":{"loc":{"start":{"line":233,"column":4},"end":{"line":233,"column":81}},"type":"if","locations":[{"start":{"line":233,"column":4},"end":{"line":233,"column":81}},{"start":{},"end":{}}],"line":233},"26":{"loc":{"start":{"line":234,"column":4},"end":{"line":234,"column":84}},"type":"if","locations":[{"start":{"line":234,"column":4},"end":{"line":234,"column":84}},{"start":{},"end":{}}],"line":234},"27":{"loc":{"start":{"line":235,"column":4},"end":{"line":235,"column":102}},"type":"if","locations":[{"start":{"line":235,"column":4},"end":{"line":235,"column":102}},{"start":{},"end":{}}],"line":235},"28":{"loc":{"start":{"line":236,"column":4},"end":{"line":236,"column":57}},"type":"if","locations":[{"start":{"line":236,"column":4},"end":{"line":236,"column":57}},{"start":{},"end":{}}],"line":236},"29":{"loc":{"start":{"line":237,"column":4},"end":{"line":237,"column":81}},"type":"if","locations":[{"start":{"line":237,"column":4},"end":{"line":237,"column":81}},{"start":{},"end":{}}],"line":237},"30":{"loc":{"start":{"line":238,"column":4},"end":{"line":238,"column":51}},"type":"if","locations":[{"start":{"line":238,"column":4},"end":{"line":238,"column":51}},{"start":{},"end":{}}],"line":238},"31":{"loc":{"start":{"line":266,"column":4},"end":{"line":271,"column":5}},"type":"if","locations":[{"start":{"line":266,"column":4},"end":{"line":271,"column":5}},{"start":{},"end":{}}],"line":266},"32":{"loc":{"start":{"line":266,"column":8},"end":{"line":266,"column":28}},"type":"binary-expr","locations":[{"start":{"line":266,"column":8},"end":{"line":266,"column":15}},{"start":{"line":266,"column":19},"end":{"line":266,"column":28}}],"line":266},"33":{"loc":{"start":{"line":278,"column":4},"end":{"line":283,"column":5}},"type":"if","locations":[{"start":{"line":278,"column":4},"end":{"line":283,"column":5}},{"start":{},"end":{}}],"line":278},"34":{"loc":{"start":{"line":304,"column":4},"end":{"line":309,"column":5}},"type":"if","locations":[{"start":{"line":304,"column":4},"end":{"line":309,"column":5}},{"start":{},"end":{}}],"line":304},"35":{"loc":{"start":{"line":304,"column":8},"end":{"line":304,"column":27}},"type":"binary-expr","locations":[{"start":{"line":304,"column":8},"end":{"line":304,"column":15}},{"start":{"line":304,"column":19},"end":{"line":304,"column":27}}],"line":304},"36":{"loc":{"start":{"line":313,"column":4},"end":{"line":318,"column":5}},"type":"if","locations":[{"start":{"line":313,"column":4},"end":{"line":318,"column":5}},{"start":{},"end":{}}],"line":313},"37":{"loc":{"start":{"line":321,"column":4},"end":{"line":328,"column":5}},"type":"if","locations":[{"start":{"line":321,"column":4},"end":{"line":328,"column":5}},{"start":{},"end":{}}],"line":321},"38":{"loc":{"start":{"line":332,"column":4},"end":{"line":339,"column":5}},"type":"if","locations":[{"start":{"line":332,"column":4},"end":{"line":339,"column":5}},{"start":{},"end":{}}],"line":332},"39":{"loc":{"start":{"line":350,"column":14},"end":{"line":350,"column":59}},"type":"cond-expr","locations":[{"start":{"line":350,"column":31},"end":{"line":350,"column":52}},{"start":{"line":350,"column":55},"end":{"line":350,"column":59}}],"line":350},"40":{"loc":{"start":{"line":406,"column":13},"end":{"line":413,"column":7}},"type":"binary-expr","locations":[{"start":{"line":406,"column":13},"end":{"line":406,"column":21}},{"start":{"line":406,"column":25},"end":{"line":413,"column":7}}],"line":406}},"s":{"0":0,"1":0,"2":0,"3":0,"4":0,"5":0,"6":0,"7":0,"8":0,"9":0,"10":0,"11":0,"12":0,"13":0,"14":0,"15":0,"16":0,"17":0,"18":0,"19":0,"20":0,"21":0,"22":0,"23":0,"24":0,"25":0,"26":0,"27":0,"28":0,"29":0,"30":0,"31":0,"32":0,"33":0,"34":0,"35":0,"36":0,"37":0,"38":0,"39":0,"40":0,"41":0,"42":0,"43":0,"44":0,"45":0,"46":0,"47":0,"48":0,"49":0,"50":0,"51":0,"52":0,"53":0,"54":0,"55":0,"56":0,"57":0,"58":0,"59":0,"60":0,"61":0,"62":0,"63":0,"64":0,"65":0,"66":0,"67":0,"68":0,"69":0,"70":0,"71":0,"72":0,"73":0,"74":0,"75":0,"76":0,"77":0,"78":0,"79":0,"80":0,"81":0,"82":0,"83":0,"84":0,"85":0,"86":0,"87":0,"88":0,"89":0,"90":0,"91":0,"92":0,"93":0,"94":0,"95":0,"96":0,"97":0,"98":0,"99":0,"100":0,"101":0,"102":0,"103":0,"104":0,"105":0,"106":0,"107":0,"108":0,"109":0,"110":0,"111":0,"112":0,"113":0,"114":0,"115":0,"116":0,"117":0,"118":0,"119":0,"120":0,"121":0,"122":0},"f":{"0":0,"1":0,"2":0,"3":0,"4":0,"5":0,"6":0},"b":{"0":[0,0],"1":[0,0,0],"2":[0,0],"3":[0,0,0],"4":[0,0],"5":[0,0,0,0,0],"6":[0,0],"7":[0,0],"8":[0,0],"9":[0,0],"10":[0,0],"11":[0,0],"12":[0,0],"13":[0,0],"14":[0,0],"15":[0,0],"16":[0],"17":[0],"18":[0,0],"19":[0,0],"20":[0,0],"21":[0,0],"22":[0,0,0,0,0],"23":[0,0],"24":[0,0],"25":[0,0],"26":[0,0],"27":[0,0],"28":[0,0],"29":[0,0],"30":[0,0],"31":[0,0],"32":[0,0],"33":[0,0],"34":[0,0],"35":[0,0],"36":[0,0],"37":[0,0],"38":[0,0],"39":[0,0],"40":[0,0]}}
,"F:\\Husk_Store\\Custom_Ecommerce\\server\\controllers\\productController.js": {"path":"F:\\Husk_Store\\Custom_Ecommerce\\server\\controllers\\productController.js","statementMap":{"0":{"start":{"line":9,"column":26},"end":{"line":73,"column":1}},"1":{"start":{"line":10,"column":2},"end":{"line":72,"column":3}},"2":{"start":{"line":11,"column":4},"end":{"line":11,"column":64}},"3":{"start":{"line":12,"column":4},"end":{"line":12,"column":46}},"4":{"start":{"line":14,"column":24},"end":{"line":14,"column":56}},"5":{"start":{"line":16,"column":19},"end":{"line":16,"column":28}},"6":{"start":{"line":17,"column":4},"end":{"line":19,"column":5}},"7":{"start":{"line":18,"column":6},"end":{"line":18,"column":73}},"8":{"start":{"line":22,"column":22},"end":{"line":22,"column":76}},"9":{"start":{"line":23,"column":4},"end":{"line":25,"column":5}},"10":{"start":{"line":24,"column":6},"end":{"line":24,"column":102}},"11":{"start":{"line":27,"column":20},"end":{"line":34,"column":5}},"12":{"start":{"line":29,"column":23},"end":{"line":31,"column":10}},"13":{"start":{"line":32,"column":8},"end":{"line":32,"column":33}},"14":{"start":{"line":36,"column":23},"end":{"line":40,"column":6}},"15":{"start":{"line":42,"column":4},"end":{"line":42,"column":65}},"16":{"start":{"line":43,"column":4},"end":{"line":43,"column":96}},"17":{"start":{"line":46,"column":4},"end":{"line":60,"column":5}},"18":{"start":{"line":48,"column":6},"end":{"line":54,"column":7}},"19":{"start":{"line":49,"column":8},"end":{"line":53,"column":11}},"20":{"start":{"line":55,"column":6},"end":{"line":59,"column":9}},"21":{"start":{"line":63,"column":4},"end":{"line":69,"column":5}},"22":{"start":{"line":64,"column":31},"end":{"line":64,"column":82}},"23":{"start":{"line":64,"column":70},"end":{"line":64,"column":81}},"24":{"start":{"line":65,"column":6},"end":{"line":68,"column":9}},"25":{"start":{"line":71,"column":4},"end":{"line":71,"column":110}},"26":{"start":{"line":76,"column":27},"end":{"line":118,"column":1}},"27":{"start":{"line":77,"column":2},"end":{"line":117,"column":3}},"28":{"start":{"line":78,"column":21},"end":{"line":78,"column":43}},"29":{"start":{"line":79,"column":4},"end":{"line":79,"column":52}},"30":{"start":{"line":81,"column":4},"end":{"line":83,"column":5}},"31":{"start":{"line":82,"column":6},"end":{"line":82,"column":85}},"32":{"start":{"line":86,"column":23},"end":{"line":86,"column":59}},"33":{"start":{"line":86,"column":47},"end":{"line":86,"column":58}},"34":{"start":{"line":87,"column":24},"end":{"line":96,"column":6}},"35":{"start":{"line":99,"column":23},"end":{"line":99,"column":25}},"36":{"start":{"line":100,"column":4},"end":{"line":105,"column":7}},"37":{"start":{"line":101,"column":6},"end":{"line":104,"column":8}},"38":{"start":{"line":108,"column":32},"end":{"line":112,"column":7}},"39":{"start":{"line":108,"column":57},"end":{"line":112,"column":5}},"40":{"start":{"line":114,"column":4},"end":{"line":114,"column":109}},"41":{"start":{"line":116,"column":4},"end":{"line":116,"column":77}},"42":{"start":{"line":121,"column":33},"end":{"line":152,"column":1}},"43":{"start":{"line":122,"column":2},"end":{"line":151,"column":3}},"44":{"start":{"line":123,"column":15},"end":{"line":123,"column":28}},"45":{"start":{"line":124,"column":20},"end":{"line":124,"column":46}},"46":{"start":{"line":125,"column":4},"end":{"line":127,"column":5}},"47":{"start":{"line":126,"column":6},"end":{"line":126,"column":72}},"48":{"start":{"line":130,"column":24},"end":{"line":139,"column":6}},"49":{"start":{"line":141,"column":30},"end":{"line":145,"column":5}},"50":{"start":{"line":147,"column":4},"end":{"line":147,"column":60}},"51":{"start":{"line":149,"column":4},"end":{"line":149,"column":63}},"52":{"start":{"line":150,"column":4},"end":{"line":150,"column":23}},"53":{"start":{"line":157,"column":27},"end":{"line":202,"column":1}},"54":{"start":{"line":158,"column":2},"end":{"line":201,"column":3}},"55":{"start":{"line":159,"column":28},"end":{"line":159,"column":42}},"56":{"start":{"line":162,"column":4},"end":{"line":166,"column":5}},"57":{"start":{"line":163,"column":6},"end":{"line":165,"column":70}},"58":{"start":{"line":169,"column":4},"end":{"line":173,"column":5}},"59":{"start":{"line":170,"column":6},"end":{"line":172,"column":84}},"60":{"start":{"line":176,"column":27},"end":{"line":180,"column":5}},"61":{"start":{"line":182,"column":4},"end":{"line":186,"column":5}},"62":{"start":{"line":183,"column":6},"end":{"line":185,"column":64}},"63":{"start":{"line":188,"column":4},"end":{"line":192,"column":7}},"64":{"start":{"line":194,"column":4},"end":{"line":194,"column":50}},"65":{"start":{"line":195,"column":4},"end":{"line":200,"column":9}}},"fnMap":{"0":{"name":"(anonymous_0)","decl":{"start":{"line":9,"column":26},"end":{"line":9,"column":27}},"loc":{"start":{"line":9,"column":46},"end":{"line":73,"column":1}},"line":9},"1":{"name":"(anonymous_1)","decl":{"start":{"line":28,"column":17},"end":{"line":28,"column":18}},"loc":{"start":{"line":28,"column":34},"end":{"line":33,"column":7}},"line":28},"2":{"name":"(anonymous_2)","decl":{"start":{"line":64,"column":63},"end":{"line":64,"column":64}},"loc":{"start":{"line":64,"column":70},"end":{"line":64,"column":81}},"line":64},"3":{"name":"(anonymous_3)","decl":{"start":{"line":76,"column":27},"end":{"line":76,"column":28}},"loc":{"start":{"line":76,"column":47},"end":{"line":118,"column":1}},"line":76},"4":{"name":"(anonymous_4)","decl":{"start":{"line":86,"column":36},"end":{"line":86,"column":37}},"loc":{"start":{"line":86,"column":47},"end":{"line":86,"column":58}},"line":86},"5":{"name":"(anonymous_5)","decl":{"start":{"line":100,"column":24},"end":{"line":100,"column":25}},"loc":{"start":{"line":100,"column":32},"end":{"line":105,"column":5}},"line":100},"6":{"name":"(anonymous_6)","decl":{"start":{"line":108,"column":45},"end":{"line":108,"column":46}},"loc":{"start":{"line":108,"column":57},"end":{"line":112,"column":5}},"line":108},"7":{"name":"(anonymous_7)","decl":{"start":{"line":121,"column":33},"end":{"line":121,"column":34}},"loc":{"start":{"line":121,"column":53},"end":{"line":152,"column":1}},"line":121},"8":{"name":"(anonymous_8)","decl":{"start":{"line":157,"column":27},"end":{"line":157,"column":28}},"loc":{"start":{"line":157,"column":47},"end":{"line":202,"column":1}},"line":157}},"branchMap":{"0":{"loc":{"start":{"line":17,"column":4},"end":{"line":19,"column":5}},"type":"if","locations":[{"start":{"line":17,"column":4},"end":{"line":19,"column":5}},{"start":{},"end":{}}],"line":17},"1":{"loc":{"start":{"line":17,"column":8},"end":{"line":17,"column":38}},"type":"binary-expr","locations":[{"start":{"line":17,"column":8},"end":{"line":17,"column":15}},{"start":{"line":17,"column":19},"end":{"line":17,"column":38}}],"line":17},"2":{"loc":{"start":{"line":23,"column":4},"end":{"line":25,"column":5}},"type":"if","locations":[{"start":{"line":23,"column":4},"end":{"line":25,"column":5}},{"start":{},"end":{}}],"line":23},"3":{"loc":{"start":{"line":46,"column":4},"end":{"line":60,"column":5}},"type":"if","locations":[{"start":{"line":46,"column":4},"end":{"line":60,"column":5}},{"start":{},"end":{}}],"line":46},"4":{"loc":{"start":{"line":48,"column":6},"end":{"line":54,"column":7}},"type":"if","locations":[{"start":{"line":48,"column":6},"end":{"line":54,"column":7}},{"start":{},"end":{}}],"line":48},"5":{"loc":{"start":{"line":48,"column":10},"end":{"line":48,"column":80}},"type":"binary-expr","locations":[{"start":{"line":48,"column":10},"end":{"line":48,"column":26}},{"start":{"line":48,"column":30},"end":{"line":48,"column":55}},{"start":{"line":48,"column":59},"end":{"line":48,"column":80}}],"line":48},"6":{"loc":{"start":{"line":63,"column":4},"end":{"line":69,"column":5}},"type":"if","locations":[{"start":{"line":63,"column":4},"end":{"line":69,"column":5}},{"start":{},"end":{}}],"line":63},"7":{"loc":{"start":{"line":81,"column":4},"end":{"line":83,"column":5}},"type":"if","locations":[{"start":{"line":81,"column":4},"end":{"line":83,"column":5}},{"start":{},"end":{}}],"line":81},"8":{"loc":{"start":{"line":110,"column":14},"end":{"line":110,"column":61}},"type":"binary-expr","locations":[{"start":{"line":110,"column":14},"end":{"line":110,"column":56}},{"start":{"line":110,"column":60},"end":{"line":110,"column":61}}],"line":110},"9":{"loc":{"start":{"line":111,"column":20},"end":{"line":111,"column":73}},"type":"binary-expr","locations":[{"start":{"line":111,"column":20},"end":{"line":111,"column":68}},{"start":{"line":111,"column":72},"end":{"line":111,"column":73}}],"line":111},"10":{"loc":{"start":{"line":125,"column":4},"end":{"line":127,"column":5}},"type":"if","locations":[{"start":{"line":125,"column":4},"end":{"line":127,"column":5}},{"start":{},"end":{}}],"line":125},"11":{"loc":{"start":{"line":143,"column":14},"end":{"line":143,"column":100}},"type":"cond-expr","locations":[{"start":{"line":143,"column":46},"end":{"line":143,"column":96}},{"start":{"line":143,"column":99},"end":{"line":143,"column":100}}],"line":143},"12":{"loc":{"start":{"line":144,"column":20},"end":{"line":144,"column":53}},"type":"binary-expr","locations":[{"start":{"line":144,"column":20},"end":{"line":144,"column":48}},{"start":{"line":144,"column":52},"end":{"line":144,"column":53}}],"line":144},"13":{"loc":{"start":{"line":159,"column":28},"end":{"line":159,"column":42}},"type":"binary-expr","locations":[{"start":{"line":159,"column":28},"end":{"line":159,"column":36}},{"start":{"line":159,"column":40},"end":{"line":159,"column":42}}],"line":159},"14":{"loc":{"start":{"line":162,"column":4},"end":{"line":166,"column":5}},"type":"if","locations":[{"start":{"line":162,"column":4},"end":{"line":166,"column":5}},{"start":{},"end":{}}],"line":162},"15":{"loc":{"start":{"line":169,"column":4},"end":{"line":173,"column":5}},"type":"if","locations":[{"start":{"line":169,"column":4},"end":{"line":173,"column":5}},{"start":{},"end":{}}],"line":169},"16":{"loc":{"start":{"line":182,"column":4},"end":{"line":186,"column":5}},"type":"if","locations":[{"start":{"line":182,"column":4},"end":{"line":186,"column":5}},{"start":{},"end":{}}],"line":182}},"s":{"0":0,"1":0,"2":0,"3":0,"4":0,"5":0,"6":0,"7":0,"8":0,"9":0,"10":0,"11":0,"12":0,"13":0,"14":0,"15":0,"16":0,"17":0,"18":0,"19":0,"20":0,"21":0,"22":0,"23":0,"24":0,"25":0,"26":0,"27":0,"28":0,"29":0,"30":0,"31":0,"32":0,"33":0,"34":0,"35":0,"36":0,"37":0,"38":0,"39":0,"40":0,"41":0,"42":0,"43":0,"44":0,"45":0,"46":0,"47":0,"48":0,"49":0,"50":0,"51":0,"52":0,"53":0,"54":0,"55":0,"56":0,"57":0,"58":0,"59":0,"60":0,"61":0,"62":0,"63":0,"64":0,"65":0},"f":{"0":0,"1":0,"2":0,"3":0,"4":0,"5":0,"6":0,"7":0,"8":0},"b":{"0":[0,0],"1":[0,0],"2":[0,0],"3":[0,0],"4":[0,0],"5":[0,0,0],"6":[0,0],"7":[0,0],"8":[0,0],"9":[0,0],"10":[0,0],"11":[0,0],"12":[0,0],"13":[0,0],"14":[0,0],"15":[0,0],"16":[0,0]}}
,"F:\\Husk_Store\\Custom_Ecommerce\\server\\controllers\\ratingController.js": {"path":"F:\\Husk_Store\\Custom_Ecommerce\\server\\controllers\\ratingController.js","statementMap":{"0":{"start":{"line":8,"column":28},"end":{"line":89,"column":1}},"1":{"start":{"line":9,"column":2},"end":{"line":88,"column":3}},"2":{"start":{"line":10,"column":51},"end":{"line":10,"column":59}},"3":{"start":{"line":11,"column":19},"end":{"line":11,"column":29}},"4":{"start":{"line":13,"column":4},"end":{"line":18,"column":5}},"5":{"start":{"line":14,"column":6},"end":{"line":17,"column":9}},"6":{"start":{"line":21,"column":4},"end":{"line":26,"column":5}},"7":{"start":{"line":22,"column":6},"end":{"line":25,"column":9}},"8":{"start":{"line":29,"column":4},"end":{"line":34,"column":5}},"9":{"start":{"line":30,"column":6},"end":{"line":33,"column":9}},"10":{"start":{"line":37,"column":18},"end":{"line":37,"column":63}},"11":{"start":{"line":38,"column":4},"end":{"line":43,"column":5}},"12":{"start":{"line":39,"column":6},"end":{"line":42,"column":9}},"13":{"start":{"line":46,"column":27},"end":{"line":48,"column":5}},"14":{"start":{"line":47,"column":16},"end":{"line":47,"column":55}},"15":{"start":{"line":49,"column":4},"end":{"line":54,"column":5}},"16":{"start":{"line":50,"column":6},"end":{"line":53,"column":9}},"17":{"start":{"line":57,"column":27},"end":{"line":57,"column":70}},"18":{"start":{"line":58,"column":4},"end":{"line":63,"column":5}},"19":{"start":{"line":59,"column":6},"end":{"line":62,"column":9}},"20":{"start":{"line":66,"column":22},"end":{"line":73,"column":6}},"21":{"start":{"line":75,"column":4},"end":{"line":75,"column":47}},"22":{"start":{"line":77,"column":4},"end":{"line":81,"column":7}},"23":{"start":{"line":83,"column":4},"end":{"line":83,"column":51}},"24":{"start":{"line":84,"column":4},"end":{"line":87,"column":7}},"25":{"start":{"line":92,"column":33},"end":{"line":149,"column":1}},"26":{"start":{"line":93,"column":2},"end":{"line":148,"column":3}},"27":{"start":{"line":94,"column":26},"end":{"line":94,"column":36}},"28":{"start":{"line":95,"column":37},"end":{"line":95,"column":46}},"29":{"start":{"line":97,"column":4},"end":{"line":102,"column":5}},"30":{"start":{"line":98,"column":6},"end":{"line":101,"column":9}},"31":{"start":{"line":104,"column":17},"end":{"line":104,"column":35}},"32":{"start":{"line":106,"column":20},"end":{"line":110,"column":29}},"33":{"start":{"line":112,"column":25},"end":{"line":112,"column":67}},"34":{"start":{"line":113,"column":26},"end":{"line":122,"column":6}},"35":{"start":{"line":124,"column":24},"end":{"line":127,"column":5}},"36":{"start":{"line":129,"column":4},"end":{"line":141,"column":7}},"37":{"start":{"line":143,"column":4},"end":{"line":143,"column":60}},"38":{"start":{"line":144,"column":4},"end":{"line":147,"column":7}},"39":{"start":{"line":152,"column":36},"end":{"line":180,"column":1}},"40":{"start":{"line":153,"column":2},"end":{"line":179,"column":3}},"41":{"start":{"line":154,"column":26},"end":{"line":154,"column":36}},"42":{"start":{"line":155,"column":19},"end":{"line":155,"column":29}},"43":{"start":{"line":157,"column":4},"end":{"line":162,"column":5}},"44":{"start":{"line":158,"column":6},"end":{"line":161,"column":9}},"45":{"start":{"line":164,"column":19},"end":{"line":167,"column":5}},"46":{"start":{"line":169,"column":4},"end":{"line":172,"column":7}},"47":{"start":{"line":174,"column":4},"end":{"line":174,"column":56}},"48":{"start":{"line":175,"column":4},"end":{"line":178,"column":7}},"49":{"start":{"line":183,"column":28},"end":{"line":234,"column":1}},"50":{"start":{"line":184,"column":2},"end":{"line":233,"column":3}},"51":{"start":{"line":185,"column":25},"end":{"line":185,"column":35}},"52":{"start":{"line":186,"column":31},"end":{"line":186,"column":39}},"53":{"start":{"line":187,"column":19},"end":{"line":187,"column":29}},"54":{"start":{"line":189,"column":4},"end":{"line":194,"column":5}},"55":{"start":{"line":190,"column":6},"end":{"line":193,"column":9}},"56":{"start":{"line":197,"column":4},"end":{"line":202,"column":5}},"57":{"start":{"line":198,"column":6},"end":{"line":201,"column":9}},"58":{"start":{"line":204,"column":27},"end":{"line":204,"column":74}},"59":{"start":{"line":205,"column":4},"end":{"line":210,"column":5}},"60":{"start":{"line":206,"column":6},"end":{"line":209,"column":9}},"61":{"start":{"line":212,"column":23},"end":{"line":212,"column":25}},"62":{"start":{"line":213,"column":4},"end":{"line":213,"column":43}},"63":{"start":{"line":213,"column":16},"end":{"line":213,"column":43}},"64":{"start":{"line":214,"column":4},"end":{"line":214,"column":57}},"65":{"start":{"line":214,"column":30},"end":{"line":214,"column":57}},"66":{"start":{"line":216,"column":26},"end":{"line":220,"column":32}},"67":{"start":{"line":222,"column":4},"end":{"line":226,"column":7}},"68":{"start":{"line":228,"column":4},"end":{"line":228,"column":51}},"69":{"start":{"line":229,"column":4},"end":{"line":232,"column":7}},"70":{"start":{"line":237,"column":28},"end":{"line":270,"column":1}},"71":{"start":{"line":238,"column":2},"end":{"line":269,"column":3}},"72":{"start":{"line":239,"column":25},"end":{"line":239,"column":35}},"73":{"start":{"line":240,"column":19},"end":{"line":240,"column":29}},"74":{"start":{"line":242,"column":4},"end":{"line":247,"column":5}},"75":{"start":{"line":243,"column":6},"end":{"line":246,"column":9}},"76":{"start":{"line":249,"column":19},"end":{"line":249,"column":66}},"77":{"start":{"line":250,"column":4},"end":{"line":255,"column":5}},"78":{"start":{"line":251,"column":6},"end":{"line":254,"column":9}},"79":{"start":{"line":257,"column":4},"end":{"line":257,"column":45}},"80":{"start":{"line":259,"column":4},"end":{"line":262,"column":7}},"81":{"start":{"line":264,"column":4},"end":{"line":264,"column":51}},"82":{"start":{"line":265,"column":4},"end":{"line":268,"column":7}},"83":{"start":{"line":273,"column":37},"end":{"line":322,"column":1}},"84":{"start":{"line":274,"column":2},"end":{"line":321,"column":3}},"85":{"start":{"line":275,"column":27},"e
[...]
"end":{"line":104,"column":69}},"6":{"start":{"line":107,"column":0},"end":{"line":107,"column":40}},"7":{"start":{"line":108,"column":0},"end":{"line":108,"column":39}},"8":{"start":{"line":111,"column":2},"end":{"line":112,"column":50}}},"fnMap":{"0":{"name":"(anonymous_0)","decl":{"start":{"line":21,"column":19},"end":{"line":21,"column":20}},"loc":{"start":{"line":21,"column":32},"end":{"line":23,"column":9}},"line":21},"1":{"name":"(anonymous_1)","decl":{"start":{"line":32,"column":19},"end":{"line":32,"column":20}},"loc":{"start":{"line":32,"column":32},"end":{"line":38,"column":9}},"line":32},"2":{"name":"(anonymous_2)","decl":{"start":{"line":47,"column":19},"end":{"line":47,"column":20}},"loc":{"start":{"line":47,"column":32},"end":{"line":53,"column":9}},"line":47},"3":{"name":"(anonymous_3)","decl":{"start":{"line":62,"column":19},"end":{"line":62,"column":20}},"loc":{"start":{"line":62,"column":32},"end":{"line":68,"column":9}},"line":62}},"branchMap":{"0":{"loc":{"start":{"line":22,"column":17},"end":{"line":22,"column":56}},"type":"binary-expr","locations":[{"start":{"line":22,"column":17},"end":{"line":22,"column":36}},{"start":{"line":22,"column":40},"end":{"line":22,"column":46}},{"start":{"line":22,"column":50},"end":{"line":22,"column":56}}],"line":22},"1":{"loc":{"start":{"line":34,"column":12},"end":{"line":36,"column":53}},"type":"binary-expr","locations":[{"start":{"line":34,"column":12},"end":{"line":34,"column":22}},{"start":{"line":35,"column":12},"end":{"line":35,"column":27}},{"start":{"line":36,"column":13},"end":{"line":36,"column":32}},{"start":{"line":36,"column":36},"end":{"line":36,"column":42}},{"start":{"line":36,"column":46},"end":{"line":36,"column":52}}],"line":34},"2":{"loc":{"start":{"line":49,"column":12},"end":{"line":51,"column":53}},"type":"binary-expr","locations":[{"start":{"line":49,"column":12},"end":{"line":49,"column":22}},{"start":{"line":50,"column":12},"end":{"line":50,"column":27}},{"start":{"line":51,"column":13},"end":{"line":51,"column":32}},{"start":{"line":51,"column":36},"end":{"line":51,"column":42}},{"start":{"line":51,"column":46},"end":{"line":51,"column":52}}],"line":49},"3":{"loc":{"start":{"line":64,"column":12},"end":{"line":66,"column":53}},"type":"binary-expr","locations":[{"start":{"line":64,"column":12},"end":{"line":64,"column":22}},{"start":{"line":65,"column":12},"end":{"line":65,"column":27}},{"start":{"line":66,"column":13},"end":{"line":66,"column":32}},{"start":{"line":66,"column":36},"end":{"line":66,"column":42}},{"start":{"line":66,"column":46},"end":{"line":66,"column":52}}],"line":64},"4":{"loc":{"start":{"line":111,"column":2},"end":{"line":112,"column":50}},"type":"binary-expr","locations":[{"start":{"line":111,"column":2},"end":{"line":111,"column":29}},{"start":{"line":112,"column":2},"end":{"line":112,"column":50}}],"line":111}},"s":{"0":0,"1":0,"2":0,"3":0,"4":0,"5":0,"6":0,"7":0,"8":0},"f":{"0":0,"1":0,"2":0,"3":0},"b":{"0":[0,0,0],"1":[0,0,0,0,0],"2":[0,0,0,0,0],"3":[0,0,0,0,0],"4":[0,0]}}
,"F:\\Husk_Store\\Custom_Ecommerce\\server\\models\\Product.js": {"path":"F:\\Husk_Store\\Custom_Ecommerce\\server\\models\\Product.js","statementMap":{"0":{"start":{"line":3,"column":22},"end":{"line":53,"column":1}},"1":{"start":{"line":46,"column":10},"end":{"line":46,"column":54}},"2":{"start":{"line":56,"column":0},"end":{"line":56,"column":64}},"3":{"start":{"line":60,"column":2},"end":{"line":60,"column":69}}},"fnMap":{"0":{"name":"(anonymous_0)","decl":{"start":{"line":44,"column":19},"end":{"line":44,"column":20}},"loc":{"start":{"line":44,"column":32},"end":{"line":47,"column":9}},"line":44}},"branchMap":{"0":{"loc":{"start":{"line":60,"column":2},"end":{"line":60,"column":69}},"type":"binary-expr","locations":[{"start":{"line":60,"column":2},"end":{"line":60,"column":25}},{"start":{"line":60,"column":29},"end":{"line":60,"column":69}}],"line":60}},"s":{"0":0,"1":0,"2":0,"3":0},"f":{"0":0},"b":{"0":[0,0]}}
,"F:\\Husk_Store\\Custom_Ecommerce\\server\\models\\Rating.js": {"path":"F:\\Husk_Store\\Custom_Ecommerce\\server\\models\\Rating.js","statementMap":{"0":{"start":{"line":3,"column":21},"end":{"line":45,"column":1}},"1":{"start":{"line":27,"column":10},"end":{"line":27,"column":57}},"2":{"start":{"line":48,"column":0},"end":{"line":48,"column":66}},"3":{"start":{"line":51,"column":0},"end":{"line":51,"column":37}},"4":{"start":{"line":53,"column":15},"end":{"line":53,"column":79}}},"fnMap":{"0":{"name":"(anonymous_0)","decl":{"start":{"line":26,"column":19},"end":{"line":26,"column":20}},"loc":{"start":{"line":26,"column":32},"end":{"line":28,"column":9}},"line":26}},"branchMap":{"0":{"loc":{"start":{"line":27,"column":17},"end":{"line":27,"column":56}},"type":"binary-expr","locations":[{"start":{"line":27,"column":17},"end":{"line":27,"column":36}},{"start":{"line":27,"column":40},"end":{"line":27,"column":46}},{"start":{"line":27,"column":50},"end":{"line":27,"column":56}}],"line":27},"1":{"loc":{"start":{"line":53,"column":15},"end":{"line":53,"column":79}},"type":"binary-expr","locations":[{"start":{"line":53,"column":15},"end":{"line":53,"column":37}},{"start":{"line":53,"column":41},"end":{"line":53,"column":79}}],"line":53}},"s":{"0":0,"1":0,"2":0,"3":0,"4":0},"f":{"0":0},"b":{"0":[0,0,0],"1":[0,0]}}
,"F:\\Husk_Store\\Custom_Ecommerce\\server\\models\\User.js": {"path":"F:\\Husk_Store\\Custom_Ecommerce\\server\\models\\User.js","statementMap":{"0":{"start":{"line":3,"column":19},"end":{"line":34,"column":1}},"1":{"start":{"line":16,"column":10},"end":{"line":16,"column":58}},"2":{"start":{"line":37,"column":0},"end":{"line":37,"column":49}},"3":{"start":{"line":39,"column":13},"end":{"line":39,"column":71}}},"fnMap":{"0":{"name":"(anonymous_0)","decl":{"start":{"line":15,"column":19},"end":{"line":15,"column":20}},"loc":{"start":{"line":15,"column":36},"end":{"line":17,"column":9}},"line":15}},"branchMap":{"0":{"loc":{"start":{"line":39,"column":13},"end":{"line":39,"column":71}},"type":"binary-expr","locations":[{"start":{"line":39,"column":13},"end":{"line":39,"column":33}},{"start":{"line":39,"column":37},"end":{"line":39,"column":71}}],"line":39}},"s":{"0":0,"1":0,"2":0,"3":0},"f":{"0":0},"b":{"0":[0,0]}}
,"F:\\Husk_Store\\Custom_Ecommerce\\server\\routes\\addressRoute.js": {"path":"F:\\Husk_Store\\Custom_Ecommerce\\server\\routes\\addressRoute.js","statementMap":{"0":{"start":{"line":5,"column":22},"end":{"line":5,"column":38}},"1":{"start":{"line":7,"column":0},"end":{"line":7,"column":49}},"2":{"start":{"line":8,"column":0},"end":{"line":8,"column":49}}},"fnMap":{},"branchMap":{},"s":{"0":0,"1":0,"2":0},"f":{},"b":{}}
,"F:\\Husk_Store\\Custom_Ecommerce\\server\\routes\\cartRoute.js": {"path":"F:\\Husk_Store\\Custom_Ecommerce\\server\\routes\\cartRoute.js","statementMap":{"0":{"start":{"line":6,"column":19},"end":{"line":6,"column":35}},"1":{"start":{"line":8,"column":0},"end":{"line":8,"column":46}},"2":{"start":{"line":9,"column":0},"end":{"line":9,"column":39}}},"fnMap":{},"branchMap":{},"s":{"0":0,"1":0,"2":0},"f":{},"b":{}}
,"F:\\Husk_Store\\Custom_Ecommerce\\server\\routes\\contactRoute.js": {"path":"F:\\Husk_Store\\Custom_Ecommerce\\server\\routes\\contactRoute.js","statementMap":{"0":{"start":{"line":7,"column":22},"end":{"line":7,"column":38}},"1":{"start":{"line":10,"column":0},"end":{"line":10,"column":49}},"2":{"start":{"line":13,"column":0},"end":{"line":13,"column":55}}},"fnMap":{},"branchMap":{},"s":{"0":0,"1":0,"2":0},"f":{},"b":{}}
,"F:\\Husk_Store\\Custom_Ecommerce\\server\\routes\\orderRatingRoute.js": {"path":"F:\\Husk_Store\\Custom_Ecommerce\\server\\routes\\orderRatingRoute.js","statementMap":{"0":{"start":{"line":13,"column":26},"end":{"line":13,"column":42}},"1":{"start":{"line":16,"column":0},"end":{"line":16,"column":63}},"2":{"start":{"line":19,"column":0},"end":{"line":19,"column":67}},"3":{"start":{"line":22,"column":0},"end":{"line":22,"column":62}},"4":{"start":{"line":25,"column":0},"end":{"line":25,"column":72}},"5":{"start":{"line":28,"column":0},"end":{"line":28,"column":75}},"6":{"start":{"line":31,"column":0},"end":{"line":31,"column":72}},"7":{"start":{"line":34,"column":0},"end":{"line":34,"column":53}}},"fnMap":{},"branchMap":{},"s":{"0":0,"1":0,"2":0,"3":0,"4":0,"5":0,"6":0,"7":0},"f":{},"b":{}}
,"F:\\Husk_Store\\Custom_Ecommerce\\server\\routes\\orderRoute.js": {"path":"F:\\Husk_Store\\Custom_Ecommerce\\server\\routes\\orderRoute.js","statementMap":{"0":{"start":{"line":16,"column":20},"end":{"line":16,"column":36}},"1":{"start":{"line":18,"column":0},"end":{"line":18,"column":50}},"2":{"start":{"line":19,"column":0},"end":{"line":19,"column":56}},"3":{"start":{"line":20,"column":0},"end":{"line":20,"column":50}},"4":{"start":{"line":21,"column":0},"end":{"line":21,"column":65}},"5":{"start":{"line":22,"column":0},"end":{"line":22,"column":68}},"6":{"start":{"line":23,"column":0},"end":{"line":23,"column":44}},"7":{"start":{"line":24,"column":0},"end":{"line":24,"column":56}},"8":{"start":{"line":26,"column":0},"end":{"line":26,"column":51}},"9":{"start":{"line":28,"column":0},"end":{"line":28,"column":64}}},"fnMap":{},"branchMap":{},"s":{"0":0,"1":0,"2":0,"3":0,"4":0,"5":0,"6":0,"7":0,"8":0,"9":0},"f":{},"b":{}}
,"F:\\Husk_Store\\Custom_Ecommerce\\server\\routes\\productRoute.js": {"path":"F:\\Husk_Store\\Custom_Ecommerce\\server\\routes\\productRoute.js","statementMap":{"0":{"start":{"line":8,"column":22},"end":{"line":8,"column":38}},"1":{"start":{"line":11,"column":0},"end":{"line":11,"column":73}},"2":{"start":{"line":12,"column":0},"end":{"line":12,"column":38}},"3":{"start":{"line":13,"column":0},"end":{"line":13,"column":43}},"4":{"start":{"line":14,"column":0},"end":{"line":14,"column":50}}},"fnMap":{},"branchMap":{},"s":{"0":0,"1":0,"2":0,"3":0,"4":0},"f":{},"b":{}}
,"F:\\Husk_Store\\Custom_Ecommerce\\server\\routes\\ratingRoute.js": {"path":"F:\\Husk_Store\\Custom_Ecommerce\\server\\routes\\ratingRoute.js","statementMap":{"0":{"start":{"line":13,"column":21},"end":{"line":13,"column":37}},"1":{"start":{"line":16,"column":0},"end":{"line":16,"column":53}},"2":{"start":{"line":19,"column":0},"end":{"line":19,"column":59}},"3":{"start":{"line":22,"column":0},"end":{"line":22,"column":69}},"4":{"start":{"line":25,"column":0},"end":{"line":25,"column":67}},"5":{"start":{"line":28,"column":0},"end":{"line":28,"column":62}},"6":{"start":{"line":31,"column":0},"end":{"line":31,"column":65}},"7":{"start":{"line":34,"column":0},"end":{"line":34,"column":64}}},"fnMap":{},"branchMap":{},"s":{"0":0,"1":0,"2":0,"3":0,"4":0,"5":0,"6":0,"7":0},"f":{},"b":{}}
,"F:\\Husk_Store\\Custom_Ecommerce\\server\\routes\\sellerRoute.js": {"path":"F:\\Husk_Store\\Custom_Ecommerce\\server\\routes\\sellerRoute.js","statementMap":{"0":{"start":{"line":9,"column":21},"end":{"line":9,"column":37}},"1":{"start":{"line":10,"column":0},"end":{"line":10,"column":41}},"2":{"start":{"line":11,"column":0},"end":{"line":11,"column":42}},"3":{"start":{"line":12,"column":0},"end":{"line":12,"column":55}}},"fnMap":{},"branchMap":{},"s":{"0":0,"1":0,"2":0,"3":0},"f":{},"b":{}}
,"F:\\Husk_Store\\Custom_Ecommerce\\server\\routes\\userRoute.js": {"path":"F:\\Husk_Store\\Custom_Ecommerce\\server\\routes\\userRoute.js","statementMap":{"0":{"start":{"line":11,"column":19},"end":{"line":11,"column":35}},"1":{"start":{"line":13,"column":0},"end":{"line":13,"column":39}},"2":{"start":{"line":14,"column":0},"end":{"line":14,"column":33}},"3":{"start":{"line":15,"column":0},"end":{"line":15,"column":45}},"4":{"start":{"line":16,"column":0},"end":{"line":16,"column":42}},"5":{"start":{"line":17,"column":0},"end":{"line":17,"column":45}}},"fnMap":{},"branchMap":{},"s":{"0":0,"1":0,"2":0,"3":0,"4":0,"5":0},"f":{},"b":{}}
,"F:\\Husk_Store\\Custom_Ecommerce\\server\\utils\\errorLogger.js": {"path":"F:\\Husk_Store\\Custom_Ecommerce\\server\\utils\\errorLogger.js","statementMap":{"0":{"start":{"line":5,"column":16},"end":{"line":5,"column":48}},"1":{"start":{"line":6,"column":0},"end":{"line":8,"column":1}},"2":{"start":{"line":7,"column":2},"end":{"line":7,"column":45}},"3":{"start":{"line":11,"column":24},"end":{"line":42,"column":1}},"4":{"start":{"line":12,"column":20},"end":{"line":12,"column":44}},"5":{"start":{"line":13,"column":20},"end":{"line":23,"column":3}},"6":{"start":{"line":26,"column":2},"end":{"line":32,"column":3}},"7":{"start":{"line":27,"column":4},"end":{"line":31,"column":7}},"8":{"start":{"line":35,"column":19},"end":{"line":35,"column":66}},"9":{"start":{"line":36,"column":18},"end":{"line":39,"column":3}},"10":{"start":{"line":41,"column":2},"end":{"line":41,"column":39}},"11":{"start":{"line":45,"column":26},"end":{"line":65,"column":1}},"12":{"start":{"line":46,"column":20},"end":{"line":46,"column":44}},"13":{"start":{"line":47,"column":18},"end":{"line":52,"column":3}},"14":{"start":{"line":54,"column":2},"end":{"line":56,"column":3}},"15":{"start":{"line":55,"column":4},"end":{"line":55,"column":52}},"16":{"start":{"line":58,"column":19},"end":{"line":58,"column":64}},"17":{"start":{"line":59,"column":18},"end":{"line":62,"column":3}},"18":{"start":{"line":64,"column":2},"end":{"line":64,"column":39}},"19":{"start":{"line":68,"column":26},"end":{"line":88,"column":1}},"20":{"start":{"line":69,"column":20},"end":{"line":69,"column":44}},"21":{"start":{"line":70,"column":18},"end":{"line":75,"column":3}},"22":{"start":{"line":77,"column":2},"end":{"line":79,"column":3}},"23":{"start":{"line":78,"column":4},"end":{"line":78,"column":54}},"24":{"start":{"line":81,"column":19},"end":{"line":81,"column":64}},"25":{"start":{"line":82,"column":18},"end":{"line":85,"column":3}},"26":{"start":{"line":87,"column":2},"end":{"line":87,"column":39}},"27":{"start":{"line":91,"column":29},"end":{"line":114,"column":1}},"28":{"start":{"line":92,"column":20},"end":{"line":92,"column":44}},"29":{"start":{"line":93,"column":22},"end":{"line":100,"column":3}},"30":{"start":{"line":102,"column":2},"end":{"line":104,"column":3}},"31":{"start":{"line":103,"column":4},"end":{"line":103,"column":48}},"32":{"start":{"line":106,"column":19},"end":{"line":106,"column":68}},"33":{"start":{"line":107,"column":18},"end":{"line":110,"column":3}},"34":{"start":{"line":112,"column":2},"end":{"line":112,"column":39}},"35":{"start":{"line":113,"column":2},"end":{"line":113,"column":9}},"36":{"start":{"line":117,"column":33},"end":{"line":132,"column":1}},"37":{"start":{"line":123,"column":2},"end":{"line":123,"column":27}},"38":{"start":{"line":125,"column":24},"end":{"line":129,"column":3}},"39":{"start":{"line":131,"column":2},"end":{"line":131,"column":45}},"40":{"start":{"line":135,"column":35},"end":{"line":150,"column":1}},"41":{"start":{"line":141,"column":2},"end":{"line":143,"column":5}},"42":{"start":{"line":145,"column":2},"end":{"line":149,"column":5}}},"fnMap":{"0":{"name":"(anonymous_0)","decl":{"start":{"line":11,"column":24},"end":{"line":11,"column":25}},"loc":{"start":{"line":11,"column":49},"end":{"line":42,"column":1}},"line":11},"1":{"name":"(anonymous_1)","decl":{"start":{"line":45,"column":26},"end":{"line":45,"column":27}},"loc":{"start":{"line":45,"column":53},"end":{"line":65,"column":1}},"line":45},"2":{"name":"(anonymous_2)","decl":{"start":{"line":68,"column":26},"end":{"line":68,"column":27}},"loc":{"start":{"line":68,"column":53},"end":{"line":88,"column":1}},"line":68},"3":{"name":"(anonymous_3)","decl":{"start":{"line":91,"column":29},"end":{"line":91,"column":30}},"loc":{"start":{"line":91,"column":49},"end":{"line":114,"column":1}},"line":91},"4":{"name":"(anonymous_4)","decl":{"start":{"line":117,"column":33},"end":{"line":117,"column":34}},"loc":{"start":{"line":122,"column":5},"end":{"line":132,"column":1}},"line":122},"5":{"name":"(anonymous_5)","decl":{"start":{"line":135,"column":35},"end":{"line":135,"column":36}},"loc":{"start":{"line":140,"column":5},"end":{"line":150,"column":1}},"line":140}},"branchMap":{"0":{"loc":{"start":{"line":6,"column":0},"end":{"line":8,"column":1}},"type":"if","locations":[{"start":{"line":6,"column":0},"end":{"line":8,"column":1}},{"start":{},"end":{}}],"line":6},"1":{"loc":{"start":{"line":11,"column":32},"end":{"line":11,"column":44}},"type":"default-arg","locations":[{"start":{"line":11,"column":42},"end":{"line":11,"column":44}}],"line":11},"2":{"loc":{"start":{"line":18,"column":8},"end":{"line":22,"column":5}},"type":"binary-expr","locations":[{"start":{"line":18,"column":8},"end":{"line":18,"column":22}},{"start":{"line":18,"column":26},"end":{"line":22,"column":5}}],"line":18},"3":{"loc":{"start":{"line":26,"column":2},"end":{"line":32,"column":3}},"type":"if","locations":[{"start":{"line":26,"column":2},"end":{"line":32,"column":3}},{"start":{},"end":{}}],"line":26},"4":{"loc":{"start":{"line":45,"column":36},"end":{"line":45,"column":48}},"type":"default-arg","locations":[{"start":{"line":45,"column":46},"end":{"line":45,"column":48}}],"line":45},"5":{"loc":{"start":{"line":54,"column":2},"end":{"line":56,"column":3}},"type":"if","locations":[{"start":{"line":54,"column":2},"end":{"line":56,"column":3}},{"start":{},"end":{}}],"line":54},"6":{"loc":{"start":{"line":68,"column":36},"end":{"line":68,"column":48}},"type":"default-arg","locations":[{"start":{"line":68,"column":46},"end":{"line":68,"column":48}}],"line":68},"7":{"loc":{"start":{"line":77,"column":2},"end":{"line":79,"column":3}},"type":"if","locations":[{"start":{"line":77,"column":2},"end":{"line":79,"column":3}},{"start":{},"end":{}}],"line":77},"8":{"loc":{"start":{"line":99,"column":12},"end":{"line":99,"column":37}},"type":"binary-expr","locations":[{"start":{"line":99,"column":12},"end":{"line":99,"column":22}},{"start":{"line":99,"column":26},"end":{"line":99,"column":37}}],"line":99},"9":{"loc":{"start":{"line":102,"column":2},"end":{"line":104,"column":3}},"type":"if","locations":[{"start":{"line":102,"column":2},"end":{"line":104,"column":3}},{"start":{},"end":{}}],"line":102},"10":{"loc":{"start":{"line":120,"column":2},"end":{"line":120,"column":18}},"type":"default-arg","locations":[{"start":{"line":120,"column":15},"end":{"line":120,"column":18}}],"line":120},"11":{"loc":{"start":{"line":121,"column":2},"end":{"line":121,"column":14}},"type":"default-arg","locations":[{"start":{"line":121,"column":12},"end":{"line":121,"column":14}}],"line":121},"12":{"loc":{"start":{"line":127,"column":13},"end":{"line":127,"column":53}},"type":"binary-expr","locations":[{"start":{"line":127,"column":13},"end":{"line":127,"column":26}},{"start":{"line":127,"column":30},"end":{"line":127,"column":53}}],"line":127},"13":{"loc":{"start":{"line":128,"column":8},"end":{"line":128,"column":71}},"type":"binary-expr","locations":[{"start":{"line":128,"column":8},"end":{"line":128,"column":45}},{"start":{"line":128,"column":49},"end":{"line":128,"column":71}}],"line":128},"14":{"loc":{"start":{"line":138,"column":2},"end":{"line":138,"column":21}},"type":"default-arg","locations":[{"start":{"line":138,"column":12},"end":{"line":138,"column":21}}],"line":138},"15":{"loc":{"start":{"line":139,"column":2},"end":{"line":139,"column":18}},"type":"default-arg","locations":[{"start":{"line":139,"column":15},"end":{"line":139,"column":18}}],"line":139},"16":{"loc":{"start":{"line":142,"column":10},"end":{"line":142,"column":61}},"type":"cond-expr","locations":[{"start":{"line":142,"column":37},"end":{"line":142,"column":54}},{"start":{"line":142,"column":57},"end":{"line":142,"column":61}}],"line":142}},"s":{"0":0,"1":0,"2":0,"3":0,"4":0,"5":0,"6":0,"7":0,"8":0,"9":0,"10":0,"11":0,"12":0,"13":0,"14":0,"15":0,"16":0,"17":0,"18":0,"19":0,"20":0,"21":0,"22":0,"23":0,"24":0,"25":0,"26":0,"27":0,"28":0,"29":0,"30":0,"31":0,"32":0,"33":0,"34":0,"35":0,"36":0,"37":0,"38":0,"39":0,"40":0,"41":0,"42":0},"f":{"0":0,"1":0,"2":0,"3":0,"4":0,"5":0},"b":{"0":[0,0],"1":[0],"2":[0,0],"3":[0,0],"4":[0],"5":[0,0],"6":[0],"7":[0,0],"8":[0,0],"9":[0,0],"10":[0],"11":[0],"12":[0,0],"13":[0,0],"14":[0],"15":[0],"16":[0,0]}}
}
